[Thu Mar 23 20:56:24 2017] [notice] Apache/2.2.32 (Win64) configured -- resuming normal operations
[Thu Mar 23 20:56:24 2017] [notice] Server built: Jan 18 2017 12:57:53
[Thu Mar 23 20:56:24 2017] [notice] Parent: Created child process 9984
Apache server interrupted...
otice] Child 9984: Child process is running
[Thu Mar 23 20:56:25 2017] [notice] Child 9984: Acquired the start mutex.
[Thu Mar 23 20:56:25 2017] [notice] Child 9984: Starting 64 worker threads.
[Thu Mar 23 20:56:25 2017] [notice] Child 9984: Starting thread to listen on port 80.
[Thu Mar 23 20:56:25 2017] [notice] Child 9984: Starting thread to listen on port 80.
[Thu Mar 23 20:56:31 2017] [error] [client ::1] client denied by server configuration: C:/repos/
[Thu Mar 23 20:56:31 2017] [error] [client ::1] client denied by server configuration: C:/repos/favicon.ico, referer: http://localhost/
[Thu Mar 23 20:56:52 2017] [notice] Parent: Received shutdown signal -- Shutting down the server.
[Thu Mar 23 20:56:52 2017] [notice] Child 9984: Exit event signaled. Child process is ending.
[Thu Mar 23 20:56:53 2017] [notice] Child 9984: Released the start mutex
[Thu Mar 23 20:56:54 2017] [notice] Child 9984: All worker threads have exited.
[Thu Mar 23 20:56:54 2017] [notice] Child 9984: Child process is exiting
[Thu Mar 23 20:56:54 2017] [notice] Parent: Child process exited successfully.
[Thu Mar 23 20:57:25 2017] [notice] Apache/2.2.32 (Win64) configured -- resuming normal operations
[Thu Mar 23 20:57:25 2017] [notice] Server built: Jan 18 2017 12:57:53
[Thu Mar 23 20:57:25 2017] [notice] Parent: Created child process 8444
Apache server interrupted...
otice] Child 8444: Child process is running
[Thu Mar 23 20:57:26 2017] [notice] Child 8444: Acquired the start mutex.
[Thu Mar 23 20:57:26 2017] [notice] Child 8444: Starting 64 worker threads.
[Thu Mar 23 20:57:26 2017] [notice] Child 8444: Starting thread to listen on port 80.
[Thu Mar 23 20:57:26 2017] [notice] Child 8444: Starting thread to listen on port 80.
[Thu Mar 23 20:57:30 2017] [error] [client ::1] client denied by server configuration: C:/repos/
[Thu Mar 23 20:57:30 2017] [error] [client ::1] client denied by server configuration: C:/repos/favicon.ico, referer: http://localhost/
[Thu Mar 23 20:57:33 2017] [error] [client ::1] client denied by server configuration: C:/repos/
[Thu Mar 23 20:57:33 2017] [error] [client ::1] client denied by server configuration: C:/repos/favicon.ico, referer: http://localhost/
[Thu Mar 23 20:57:34 2017] [error] [client ::1] client denied by server configuration: C:/repos/
[Thu Mar 23 20:57:34 2017] [error] [client ::1] client denied by server configuration: C:/repos/favicon.ico, referer: http://localhost/
[Thu Mar 23 20:57:34 2017] [error] [client ::1] client denied by server configuration: C:/repos/
[Thu Mar 23 20:57:34 2017] [error] [client ::1] client denied by server configuration: C:/repos/favicon.ico, referer: http://localhost/
[Thu Mar 23 20:57:35 2017] [error] [client ::1] client denied by server configuration: C:/repos/
[Thu Mar 23 20:57:35 2017] [error] [client ::1] client denied by server configuration: C:/repos/favicon.ico, referer: http://localhost/
[Thu Mar 23 20:57:35 2017] [error] [client ::1] client denied by server configuration: C:/repos/
[Thu Mar 23 20:57:35 2017] [error] [client ::1] client denied by server configuration: C:/repos/favicon.ico, referer: http://localhost/
[Thu Mar 23 20:57:35 2017] [error] [client ::1] client denied by server configuration: C:/repos/
[Thu Mar 23 20:57:35 2017] [error] [client ::1] client denied by server configuration: C:/repos/favicon.ico, referer: http://localhost/
[Thu Mar 23 20:57:35 2017] [error] [client ::1] client denied by server configuration: C:/repos/
[Thu Mar 23 20:57:35 2017] [error] [client ::1] client denied by server configuration: C:/repos/favicon.ico, referer: http://localhost/
[Thu Mar 23 20:57:36 2017] [error] [client ::1] client denied by server configuration: C:/repos/
[Thu Mar 23 20:57:36 2017] [error] [client ::1] client denied by server configuration: C:/repos/favicon.ico, referer: http://localhost/
[Thu Mar 23 20:57:36 2017] [error] [client ::1] client denied by server configuration: C:/repos/
[Thu Mar 23 20:57:36 2017] [error] [client ::1] client denied by server configuration: C:/repos/favicon.ico, referer: http://localhost/
[Thu Mar 23 20:57:36 2017] [error] [client ::1] client denied by server configuration: C:/repos/
[Thu Mar 23 20:57:36 2017] [error] [client ::1] client denied by server configuration: C:/repos/favicon.ico, referer: http://localhost/
[Thu Mar 23 20:59:50 2017] [notice] Parent: Received shutdown signal -- Shutting down the server.
[Thu Mar 23 20:59:50 2017] [notice] Child 8444: Exit event signaled. Child process is ending.
[Thu Mar 23 20:59:51 2017] [notice] Child 8444: Released the start mutex
[Thu Mar 23 20:59:52 2017] [notice] Child 8444: All worker threads have exited.
[Thu Mar 23 20:59:52 2017] [notice] Child 8444: Child process is exiting
[Thu Mar 23 20:59:52 2017] [notice] Parent: Child process exited successfully.
[Thu Mar 23 20:59:53 2017] [notice] Apache/2.2.32 (Win64) configured -- resuming normal operations
[Thu Mar 23 20:59:53 2017] [notice] Server built: Jan 18 2017 12:57:53
[Thu Mar 23 20:59:53 2017] [notice] Parent: Created child process 10692
Apache server interrupted...
otice] Child 10692: Child process is running
[Thu Mar 23 20:59:54 2017] [notice] Child 10692: Acquired the start mutex.
[Thu Mar 23 20:59:54 2017] [notice] Child 10692: Starting 64 worker threads.
[Thu Mar 23 20:59:54 2017] [notice] Child 10692: Starting thread to listen on port 80.
[Thu Mar 23 20:59:54 2017] [notice] Child 10692: Starting thread to listen on port 80.
[Thu Mar 23 21:00:05 2017] [notice] Parent: Received shutdown signal -- Shutting down the server.
[Thu Mar 23 21:00:05 2017] [notice] Child 10692: Exit event signaled. Child process is ending.
[Thu Mar 23 21:00:06 2017] [notice] Child 10692: Released the start mutex
[Thu Mar 23 21:00:07 2017] [notice] Child 10692: All worker threads have exited.
[Thu Mar 23 21:00:07 2017] [notice] Child 10692: Child process is exiting
[Thu Mar 23 21:00:07 2017] [notice] Parent: Child process exited successfully.
[Thu Mar 23 21:00:09 2017] [notice] Apache/2.2.32 (Win64) configured -- resuming normal operations
[Thu Mar 23 21:00:09 2017] [notice] Server built: Jan 18 2017 12:57:53
[Thu Mar 23 21:00:09 2017] [notice] Parent: Created child process 14776
Apache server interrupted...
otice] Child 14776: Child process is running
[Thu Mar 23 21:00:09 2017] [notice] Child 14776: Acquired the start mutex.
[Thu Mar 23 21:00:09 2017] [notice] Child 14776: Starting 64 worker threads.
[Thu Mar 23 21:00:09 2017] [notice] Child 14776: Starting thread to listen on port 80.
[Thu Mar 23 21:00:09 2017] [notice] Child 14776: Starting thread to listen on port 80.
[Thu Mar 23 21:00:23 2017] [error] [client ::1] File does not exist: C:/repos/favicon.ico, referer: http://localhost/
[Thu Mar 23 21:01:14 2017] [notice] Parent: Received shutdown signal -- Shutting down the server.
Apache server interrupted...
otice] Child 14776: Exit event signaled. Child process is ending.
[Thu Mar 23 21:01:15 2017] [notice] Child 14776: Released the start mutex
[Thu Mar 23 21:01:16 2017] [notice] Child 14776: All worker threads have exited.
[Thu Mar 23 21:01:16 2017] [notice] Child 14776: Child process is exiting
[Thu Mar 23 21:01:16 2017] [notice] Parent: Child process exited successfully.
[Thu Mar 23 21:01:26 2017] [notice] Apache/2.2.32 (Win64) configured -- resuming normal operations
[Thu Mar 23 21:01:26 2017] [notice] Server built: Jan 18 2017 12:57:53
[Thu Mar 23 21:01:26 2017] [notice] Parent: Created child process 14360
Apache server interrupted...
otice] Child 14360: Child process is running
[Thu Mar 23 21:01:27 2017] [notice] Child 14360: Acquired the start mutex.
[Thu Mar 23 21:01:27 2017] [notice] Child 14360: Starting 64 worker threads.
[Thu Mar 23 21:01:27 2017] [notice] Child 14360: Starting thread to listen on port 80.
[Thu Mar 23 21:01:27 2017] [notice] Child 14360: Starting thread to listen on port 80.
[Thu Mar 23 21:09:51 2017] [notice] Parent: Received shutdown signal -- Shutting down the server.
[Thu Mar 23 21:09:51 2017] [notice] Child 14360: Exit event signaled. Child process is ending.
[Thu Mar 23 21:09:52 2017] [notice] Child 14360: Released the start mutex
[Thu Mar 23 21:09:53 2017] [notice] Child 14360: All worker threads have exited.
[Thu Mar 23 21:09:53 2017] [notice] Child 14360: Child process is exiting
[Thu Mar 23 21:09:53 2017] [notice] Parent: Child process exited successfully.
[Thu Mar 23 21:10:09 2017] [notice] Apache/2.2.32 (Win64) configured -- resuming normal operations
[Thu Mar 23 21:10:09 2017] [notice] Server built: Jan 18 2017 12:57:53
[Thu Mar 23 21:10:10 2017] [notice] Parent: Created child process 15224
Apache server interrupted...
otice] Child 15224: Child process is running
[Thu Mar 23 21:10:10 2017] [notice] Child 15224: Acquired the start mutex.
[Thu Mar 23 21:10:10 2017] [notice] Child 15224: Starting 64 worker threads.
[Thu Mar 23 21:10:10 2017] [notice] Child 15224: Starting thread to listen on port 80.
[Thu Mar 23 21:10:10 2017] [notice] Child 15224: Starting thread to listen on port 80.
[Thu Mar 23 21:10:18 2017] [warn] proxy: No protocol handler was valid for the URL /. If you are using a DSO version of mod_proxy, make sure the proxy submodules are included in the configuration using LoadModule.
[Thu Mar 23 21:13:11 2017] [notice] Parent: Received shutdown signal -- Shutting down the server.
[Thu Mar 23 21:13:11 2017] [notice] Child 15224: Exit event signaled. Child process is ending.
[Thu Mar 23 21:13:12 2017] [notice] Child 15224: Released the start mutex
[Thu Mar 23 21:13:13 2017] [notice] Child 15224: All worker threads have exited.
[Thu Mar 23 21:13:13 2017] [notice] Child 15224: Child process is exiting
[Thu Mar 23 21:13:13 2017] [notice] Parent: Child process exited successfully.
[Thu Mar 23 21:13:14 2017] [notice] Apache/2.2.32 (Win64) configured -- resuming normal operations
[Thu Mar 23 21:13:14 2017] [notice] Server built: Jan 18 2017 12:57:53
[Thu Mar 23 21:13:14 2017] [notice] Parent: Created child process 14740
Apache server interrupted...
otice] Child 14740: Child process is running
[Thu Mar 23 21:13:15 2017] [notice] Child 14740: Acquired the start mutex.
[Thu Mar 23 21:13:15 2017] [notice] Child 14740: Starting 64 worker threads.
[Thu Mar 23 21:13:15 2017] [notice] Child 14740: Starting thread to listen on port 80.
[Thu Mar 23 21:13:15 2017] [notice] Child 14740: Starting thread to listen on port 80.
[Thu Mar 23 21:13:19 2017] [warn] proxy: No protocol handler was valid for the URL /. If you are using a DSO version of mod_proxy, make sure the proxy submodules are included in the configuration using LoadModule.
[Thu Mar 23 21:15:06 2017] [warn] proxy: No protocol handler was valid for the URL /. If you are using a DSO version of mod_proxy, make sure the proxy submodules are included in the configuration using LoadModule.
[Thu Mar 23 21:16:47 2017] [notice] Parent: Received shutdown signal -- Shutting down the server.
[Thu Mar 23 21:16:47 2017] [notice] Child 14740: Exit event signaled. Child process is ending.
[Thu Mar 23 21:16:48 2017] [notice] Child 14740: Released the start mutex
[Thu Mar 23 21:16:49 2017] [notice] Child 14740: All worker threads have exited.
[Thu Mar 23 21:16:49 2017] [notice] Child 14740: Child process is exiting
[Thu Mar 23 21:16:50 2017] [notice] Parent: Child process exited successfully.
[Thu Mar 23 21:16:52 2017] [notice] Apache/2.2.32 (Win64) configured -- resuming normal operations
[Thu Mar 23 21:16:52 2017] [notice] Server built: Jan 18 2017 12:57:53
[Thu Mar 23 21:16:52 2017] [notice] Parent: Created child process 14748
Apache server interrupted...
otice] Child 14748: Child process is running
[Thu Mar 23 21:16:52 2017] [notice] Child 14748: Acquired the start mutex.
[Thu Mar 23 21:16:52 2017] [notice] Child 14748: Starting 64 worker threads.
[Thu Mar 23 21:16:52 2017] [notice] Child 14748: Starting thread to listen on port 80.
[Thu Mar 23 21:16:52 2017] [notice] Child 14748: Starting thread to listen on port 80.
[Thu Mar 23 21:17:09 2017] [error] [client ::1] proxy: DNS lookup failure for: localhost:8080css returned by /css/jboss.css, referer: http://localhost/
[Thu Mar 23 21:17:09 2017] [error] [client ::1] proxy: DNS lookup failure for: localhost:8080images returned by /images/logo.gif, referer: http://localhost/
[Thu Mar 23 21:18:03 2017] [notice] Parent: Received shutdown signal -- Shutting down the server.
[Thu Mar 23 21:18:03 2017] [notice] Child 14748: Exit event signaled. Child process is ending.
[Thu Mar 23 21:18:04 2017] [notice] Child 14748: Released the start mutex
[Thu Mar 23 21:18:05 2017] [notice] Child 14748: All worker threads have exited.
[Thu Mar 23 21:18:05 2017] [notice] Child 14748: Child process is exiting
[Thu Mar 23 21:18:05 2017] [notice] Parent: Child process exited successfully.
[Thu Mar 23 21:18:08 2017] [notice] Apache/2.2.32 (Win64) configured -- resuming normal operations
[Thu Mar 23 21:18:08 2017] [notice] Server built: Jan 18 2017 12:57:53
[Thu Mar 23 21:18:08 2017] [notice] Parent: Created child process 2580
Apache server interrupted...
otice] Child 2580: Child process is running
[Thu Mar 23 21:18:08 2017] [notice] Child 2580: Acquired the start mutex.
[Thu Mar 23 21:18:08 2017] [notice] Child 2580: Starting 64 worker threads.
[Thu Mar 23 21:18:08 2017] [notice] Child 2580: Starting thread to listen on port 80.
[Thu Mar 23 21:18:08 2017] [notice] Child 2580: Starting thread to listen on port 80.
[Thu Mar 23 21:39:09 2017] [notice] Parent: Received shutdown signal -- Shutting down the server.
[Thu Mar 23 21:39:09 2017] [notice] Child 2580: Exit event signaled. Child process is ending.
[Thu Mar 23 21:39:10 2017] [notice] Child 2580: Released the start mutex
[Thu Mar 23 21:39:11 2017] [notice] Child 2580: All worker threads have exited.
[Thu Mar 23 21:39:11 2017] [notice] Child 2580: Child process is exiting
[Thu Mar 23 21:39:11 2017] [notice] Parent: Child process exited successfully.
[Thu Mar 23 21:39:14 2017] [notice] Apache/2.2.32 (Win64) configured -- resuming normal operations
[Thu Mar 23 21:39:14 2017] [notice] Server built: Jan 18 2017 12:57:53
[Thu Mar 23 21:39:14 2017] [notice] Parent: Created child process 14756
Apache server interrupted...
otice] Child 14756: Child process is running
[Thu Mar 23 21:39:15 2017] [notice] Child 14756: Acquired the start mutex.
[Thu Mar 23 21:39:15 2017] [notice] Child 14756: Starting 64 worker threads.
[Thu Mar 23 21:39:15 2017] [notice] Child 14756: Starting thread to listen on port 80.
[Thu Mar 23 21:39:15 2017] [notice] Child 14756: Starting thread to listen on port 80.
[Thu Mar 23 21:42:53 2017] [notice] Parent: Received shutdown signal -- Shutting down the server.
[Thu Mar 23 21:42:53 2017] [notice] Child 14756: Exit event signaled. Child process is ending.
[Thu Mar 23 21:42:54 2017] [notice] Child 14756: Released the start mutex
[Thu Mar 23 21:42:55 2017] [notice] Child 14756: All worker threads have exited.
[Thu Mar 23 21:42:55 2017] [notice] Child 14756: Child process is exiting
[Thu Mar 23 21:42:55 2017] [notice] Parent: Child process exited successfully.
[Thu Mar 23 21:42:57 2017] [notice] Apache/2.2.32 (Win64) configured -- resuming normal operations
[Thu Mar 23 21:42:57 2017] [notice] Server built: Jan 18 2017 12:57:53
[Thu Mar 23 21:42:57 2017] [notice] Parent: Created child process 13972
Apache server interrupted...
otice] Child 13972: Child process is running
[Thu Mar 23 21:42:57 2017] [notice] Child 13972: Acquired the start mutex.
[Thu Mar 23 21:42:57 2017] [notice] Child 13972: Starting 64 worker threads.
[Thu Mar 23 21:42:57 2017] [notice] Child 13972: Starting thread to listen on port 80.
[Thu Mar 23 21:42:57 2017] [notice] Child 13972: Starting thread to listen on port 80.
[Thu Mar 23 21:59:16 2017] [notice] Parent: Received shutdown signal -- Shutting down the server.
[Thu Mar 23 21:59:16 2017] [notice] Child 13972: Exit event signaled. Child process is ending.
[Thu Mar 23 21:59:17 2017] [notice] Child 13972: Released the start mutex
[Thu Mar 23 21:59:18 2017] [notice] Child 13972: All worker threads have exited.
[Thu Mar 23 21:59:18 2017] [notice] Child 13972: Child process is exiting
[Thu Mar 23 21:59:18 2017] [notice] Parent: Child process exited successfully.
[Thu Mar 23 21:59:19 2017] [notice] Apache/2.2.32 (Win64) configured -- resuming normal operations
[Thu Mar 23 21:59:19 2017] [notice] Server built: Jan 18 2017 12:57:53
[Thu Mar 23 21:59:19 2017] [notice] Parent: Created child process 15332
Apache server interrupted...
otice] Child 15332: Child process is running
[Thu Mar 23 21:59:19 2017] [notice] Child 15332: Acquired the start mutex.
[Thu Mar 23 21:59:19 2017] [notice] Child 15332: Starting 64 worker threads.
[Thu Mar 23 21:59:19 2017] [notice] Child 15332: Starting thread to listen on port 80.
[Thu Mar 23 21:59:19 2017] [notice] Child 15332: Starting thread to listen on port 80.
[Thu Mar 23 22:04:37 2017] [notice] Parent: Received shutdown signal -- Shutting down the server.
[Thu Mar 23 22:04:37 2017] [notice] Child 15332: Exit event signaled. Child process is ending.
[Thu Mar 23 22:04:38 2017] [notice] Child 15332: Released the start mutex
[Thu Mar 23 22:04:39 2017] [notice] Child 15332: All worker threads have exited.
[Thu Mar 23 22:04:39 2017] [notice] Child 15332: Child process is exiting
[Thu Mar 23 22:04:40 2017] [notice] Parent: Child process exited successfully.
[Thu Mar 23 22:04:41 2017] [notice] Apache/2.2.32 (Win64) configured -- resuming normal operations
[Thu Mar 23 22:04:41 2017] [notice] Server built: Jan 18 2017 12:57:53
[Thu Mar 23 22:04:41 2017] [notice] Parent: Created child process 14764
Apache server interrupted...
otice] Child 14764: Child process is running
[Thu Mar 23 22:04:41 2017] [notice] Child 14764: Acquired the start mutex.
[Thu Mar 23 22:04:41 2017] [notice] Child 14764: Starting 64 worker threads.
[Thu Mar 23 22:04:41 2017] [notice] Child 14764: Starting thread to listen on port 80.
[Thu Mar 23 22:04:41 2017] [notice] Child 14764: Starting thread to listen on port 80.
[Thu Mar 23 22:06:42 2017] [notice] Parent: Received shutdown signal -- Shutting down the server.
[Thu Mar 23 22:06:42 2017] [notice] Child 14764: Exit event signaled. Child process is ending.
[Thu Mar 23 22:06:43 2017] [notice] Child 14764: Released the start mutex
[Thu Mar 23 22:06:44 2017] [notice] Child 14764: All worker threads have exited.
[Thu Mar 23 22:06:44 2017] [notice] Child 14764: Child process is exiting
[Thu Mar 23 22:06:44 2017] [notice] Parent: Child process exited successfully.
[Thu Mar 23 22:06:56 2017] [notice] Apache/2.2.32 (Win64) configured -- resuming normal operations
[Thu Mar 23 22:06:56 2017] [notice] Server built: Jan 18 2017 12:57:53
[Thu Mar 23 22:06:56 2017] [notice] Parent: Created child process 14496
Apache server interrupted...
otice] Child 14496: Child process is running
[Thu Mar 23 22:06:56 2017] [notice] Child 14496: Acquired the start mutex.
[Thu Mar 23 22:06:56 2017] [notice] Child 14496: Starting 64 worker threads.
[Thu Mar 23 22:06:56 2017] [notice] Child 14496: Starting thread to listen on port 80.
[Thu Mar 23 22:06:56 2017] [notice] Child 14496: Starting thread to listen on port 80.
[Thu Mar 23 22:08:41 2017] [notice] Parent: Received shutdown signal -- Shutting down the server.
[Thu Mar 23 22:08:41 2017] [notice] Child 14496: Exit event signaled. Child process is ending.
[Thu Mar 23 22:08:42 2017] [notice] Child 14496: Released the start mutex
[Thu Mar 23 22:08:43 2017] [notice] Child 14496: All worker threads have exited.
[Thu Mar 23 22:08:43 2017] [notice] Child 14496: Child process is exiting
[Thu Mar 23 22:08:43 2017] [notice] Parent: Child process exited successfully.
[Thu Mar 23 22:08:45 2017] [notice] Apache/2.2.32 (Win64) configured -- resuming normal operations
[Thu Mar 23 22:08:45 2017] [notice] Server built: Jan 18 2017 12:57:53
[Thu Mar 23 22:08:45 2017] [notice] Parent: Created child process 15196
Apache server interrupted...
otice] Child 15196: Child process is running
[Thu Mar 23 22:08:46 2017] [notice] Child 15196: Acquired the start mutex.
[Thu Mar 23 22:08:46 2017] [notice] Child 15196: Starting 64 worker threads.
[Thu Mar 23 22:08:46 2017] [notice] Child 15196: Starting thread to listen on port 80.
[Thu Mar 23 22:08:46 2017] [notice] Child 15196: Starting thread to listen on port 80.
[Thu Mar 23 22:08:52 2017] [error] [client ::1] File does not exist: C:/repos/odxp, referer: http://localhost/hie/app_shell/Welcome.jsf?SM_USERNAME=UserProvider&faces-redirect=true
[Thu Mar 23 22:14:56 2017] [notice] Parent: Received shutdown signal -- Shutting down the server.
[Thu Mar 23 22:14:56 2017] [notice] Child 15196: Exit event signaled. Child process is ending.
[Thu Mar 23 22:14:57 2017] [notice] Child 15196: Released the start mutex
[Thu Mar 23 22:14:58 2017] [notice] Child 15196: All worker threads have exited.
[Thu Mar 23 22:14:58 2017] [notice] Child 15196: Child process is exiting
[Thu Mar 23 22:14:58 2017] [notice] Parent: Child process exited successfully.
[Thu Mar 23 22:15:00 2017] [notice] Apache/2.2.32 (Win64) configured -- resuming normal operations
[Thu Mar 23 22:15:00 2017] [notice] Server built: Jan 18 2017 12:57:53
[Thu Mar 23 22:15:00 2017] [notice] Parent: Created child process 13584
Apache server interrupted...
otice] Child 13584: Child process is running
[Thu Mar 23 22:15:00 2017] [notice] Child 13584: Acquired the start mutex.
[Thu Mar 23 22:15:00 2017] [notice] Child 13584: Starting 64 worker threads.
[Thu Mar 23 22:15:00 2017] [notice] Child 13584: Starting thread to listen on port 80.
[Thu Mar 23 22:15:00 2017] [notice] Child 13584: Starting thread to listen on port 80.
[Thu Mar 23 22:19:36 2017] [notice] Parent: Received shutdown signal -- Shutting down the server.
[Thu Mar 23 22:19:36 2017] [notice] Child 13584: Exit event signaled. Child process is ending.
[Thu Mar 23 22:19:37 2017] [notice] Child 13584: Released the start mutex
[Thu Mar 23 22:19:38 2017] [notice] Child 13584: All worker threads have exited.
[Thu Mar 23 22:19:38 2017] [notice] Child 13584: Child process is exiting
[Thu Mar 23 22:19:38 2017] [notice] Parent: Child process exited successfully.
[Thu Mar 23 22:20:03 2017] [notice] Apache/2.2.32 (Win64) configured -- resuming normal operations
[Thu Mar 23 22:20:03 2017] [notice] Server built: Jan 18 2017 12:57:53
[Thu Mar 23 22:20:03 2017] [notice] Parent: Created child process 14868
Apache server interrupted...
otice] Child 14868: Child process is running
[Thu Mar 23 22:20:03 2017] [notice] Child 14868: Acquired the start mutex.
[Thu Mar 23 22:20:03 2017] [notice] Child 14868: Starting 64 worker threads.
[Thu Mar 23 22:20:03 2017] [notice] Child 14868: Starting thread to listen on port 80.
[Thu Mar 23 22:20:03 2017] [notice] Child 14868: Starting thread to listen on port 80.
[Thu Mar 23 22:20:57 2017] [notice] Parent: Received shutdown signal -- Shutting down the server.
[Thu Mar 23 22:20:57 2017] [notice] Child 14868: Exit event signaled. Child process is ending.
[Thu Mar 23 22:20:58 2017] [notice] Child 14868: Released the start mutex
[Thu Mar 23 22:20:59 2017] [notice] Child 14868: All worker threads have exited.
[Thu Mar 23 22:20:59 2017] [notice] Child 14868: Child process is exiting
[Thu Mar 23 22:20:59 2017] [notice] Parent: Child process exited successfully.
[Thu Mar 23 22:32:22 2017] [notice] Apache/2.2.32 (Win64) configured -- resuming normal operations
[Thu Mar 23 22:32:22 2017] [notice] Server built: Jan 18 2017 12:57:53
[Thu Mar 23 22:32:22 2017] [notice] Parent: Created child process 12476
Apache server interrupted...
otice] Child 12476: Child process is running
[Thu Mar 23 22:32:23 2017] [notice] Child 12476: Acquired the start mutex.
[Thu Mar 23 22:32:23 2017] [notice] Child 12476: Starting 64 worker threads.
[Thu Mar 23 22:32:23 2017] [notice] Child 12476: Starting thread to listen on port 80.
[Thu Mar 23 22:32:23 2017] [notice] Child 12476: Starting thread to listen on port 80.
[Thu Mar 23 22:35:20 2017] [notice] Parent: Received shutdown signal -- Shutting down the server.
[Thu Mar 23 22:35:20 2017] [notice] Child 12476: Exit event signaled. Child process is ending.
[Thu Mar 23 22:35:21 2017] [notice] Child 12476: Released the start mutex
[Thu Mar 23 22:35:22 2017] [notice] Child 12476: All worker threads have exited.
[Thu Mar 23 22:35:22 2017] [notice] Child 12476: Child process is exiting
[Thu Mar 23 22:35:22 2017] [notice] Parent: Child process exited successfully.
[Thu Mar 23 22:35:23 2017] [notice] Apache/2.2.32 (Win64) configured -- resuming normal operations
[Thu Mar 23 22:35:23 2017] [notice] Server built: Jan 18 2017 12:57:53
[Thu Mar 23 22:35:23 2017] [notice] Parent: Created child process 14424
Apache server interrupted...
otice] Child 14424: Child process is running
[Thu Mar 23 22:35:24 2017] [notice] Child 14424: Acquired the start mutex.
[Thu Mar 23 22:35:24 2017] [notice] Child 14424: Starting 64 worker threads.
[Thu Mar 23 22:35:24 2017] [notice] Child 14424: Starting thread to listen on port 80.
[Thu Mar 23 22:35:24 2017] [notice] Child 14424: Starting thread to listen on port 80.
[Thu Mar 23 22:40:03 2017] [notice] Parent: Received shutdown signal -- Shutting down the server.
[Thu Mar 23 22:40:03 2017] [notice] Child 14424: Exit event signaled. Child process is ending.
[Thu Mar 23 22:40:04 2017] [notice] Child 14424: Released the start mutex
[Thu Mar 23 22:40:05 2017] [notice] Child 14424: All worker threads have exited.
[Thu Mar 23 22:40:05 2017] [notice] Child 14424: Child process is exiting
[Thu Mar 23 22:40:05 2017] [notice] Parent: Child process exited successfully.
[Thu Mar 23 22:40:06 2017] [notice] Apache/2.2.32 (Win64) configured -- resuming normal operations
[Thu Mar 23 22:40:06 2017] [notice] Server built: Jan 18 2017 12:57:53
[Thu Mar 23 22:40:06 2017] [notice] Parent: Created child process 14916
Apache server interrupted...
otice] Child 14916: Child process is running
[Thu Mar 23 22:40:07 2017] [notice] Child 14916: Acquired the start mutex.
[Thu Mar 23 22:40:07 2017] [notice] Child 14916: Starting 64 worker threads.
[Thu Mar 23 22:40:07 2017] [notice] Child 14916: Starting thread to listen on port 80.
[Thu Mar 23 22:40:07 2017] [notice] Child 14916: Starting thread to listen on port 80.
[Thu Mar 23 22:41:52 2017] [notice] Parent: Received shutdown signal -- Shutting down the server.
[Thu Mar 23 22:41:52 2017] [notice] Child 14916: Exit event signaled. Child process is ending.
[Thu Mar 23 22:41:53 2017] [notice] Child 14916: Released the start mutex
[Thu Mar 23 22:41:54 2017] [notice] Child 14916: All worker threads have exited.
[Thu Mar 23 22:41:54 2017] [notice] Child 14916: Child process is exiting
[Thu Mar 23 22:41:54 2017] [notice] Parent: Child process exited successfully.
[Thu Mar 23 22:41:56 2017] [notice] Apache/2.2.32 (Win64) configured -- resuming normal operations
[Thu Mar 23 22:41:56 2017] [notice] Server built: Jan 18 2017 12:57:53
[Thu Mar 23 22:41:56 2017] [notice] Parent: Created child process 15048
Apache server interrupted...
otice] Child 15048: Child process is running
[Thu Mar 23 22:41:56 2017] [notice] Child 15048: Acquired the start mutex.
[Thu Mar 23 22:41:56 2017] [notice] Child 15048: Starting 64 worker threads.
[Thu Mar 23 22:41:56 2017] [notice] Child 15048: Starting thread to listen on port 80.
[Thu Mar 23 22:41:56 2017] [notice] Child 15048: Starting thread to listen on port 80.
[Thu Mar 23 22:43:11 2017] [notice] Parent: Received shutdown signal -- Shutting down the server.
[Thu Mar 23 22:43:11 2017] [notice] Child 15048: Exit event signaled. Child process is ending.
[Thu Mar 23 22:43:12 2017] [notice] Child 15048: Released the start mutex
[Thu Mar 23 22:43:13 2017] [notice] Child 15048: All worker threads have exited.
[Thu Mar 23 22:43:13 2017] [notice] Child 15048: Child process is exiting
[Thu Mar 23 22:43:13 2017] [notice] Parent: Child process exited successfully.
[Thu Mar 23 22:43:15 2017] [notice] Apache/2.2.32 (Win64) configured -- resuming normal operations
[Thu Mar 23 22:43:15 2017] [notice] Server built: Jan 18 2017 12:57:53
[Thu Mar 23 22:43:15 2017] [notice] Parent: Created child process 8464
Apache server interrupted...
otice] Child 8464: Child process is running
[Thu Mar 23 22:43:16 2017] [notice] Child 8464: Acquired the start mutex.
[Thu Mar 23 22:43:16 2017] [notice] Child 8464: Starting 64 worker threads.
[Thu Mar 23 22:43:16 2017] [notice] Child 8464: Starting thread to listen on port 80.
[Thu Mar 23 22:43:16 2017] [notice] Child 8464: Starting thread to listen on port 80.
[Thu Mar 23 22:45:38 2017] [notice] Parent: Received shutdown signal -- Shutting down the server.
[Thu Mar 23 22:45:38 2017] [notice] Child 8464: Exit event signaled. Child process is ending.
[Thu Mar 23 22:45:39 2017] [notice] Child 8464: Released the start mutex
[Thu Mar 23 22:45:40 2017] [notice] Child 8464: All worker threads have exited.
[Thu Mar 23 22:45:40 2017] [notice] Child 8464: Child process is exiting
[Thu Mar 23 22:45:40 2017] [notice] Parent: Child process exited successfully.
[Thu Mar 23 22:45:41 2017] [notice] Apache/2.2.32 (Win64) configured -- resuming normal operations
[Thu Mar 23 22:45:41 2017] [notice] Server built: Jan 18 2017 12:57:53
[Thu Mar 23 22:45:42 2017] [notice] Parent: Created child process 632
Apache server interrupted...
otice] Child 632: Child process is running
[Thu Mar 23 22:45:42 2017] [notice] Child 632: Acquired the start mutex.
[Thu Mar 23 22:45:42 2017] [notice] Child 632: Starting 64 worker threads.
[Thu Mar 23 22:45:42 2017] [notice] Child 632: Starting thread to listen on port 80.
[Thu Mar 23 22:45:42 2017] [notice] Child 632: Starting thread to listen on port 80.
[Thu Mar 23 22:45:49 2017] [error] [client ::1] File does not exist: C:/repos/odx-portal/src/odxp_ui/src/main/webapp/js/odxp
[Thu Mar 23 22:45:51 2017] [error] [client ::1] File does not exist: C:/repos/odx-portal/src/odxp_ui/src/main/webapp/js/odxp, referer: http://localhost/hie/app_shell/Welcome.jsf?SM_USERNAME=UserProvider&faces-redirect=true
[Thu Mar 23 22:46:05 2017] [notice] Parent: Received shutdown signal -- Shutting down the server.
[Thu Mar 23 22:46:05 2017] [notice] Child 632: Exit event signaled. Child process is ending.
[Thu Mar 23 22:46:06 2017] [notice] Child 632: Released the start mutex
[Thu Mar 23 22:46:07 2017] [notice] Child 632: All worker threads have exited.
[Thu Mar 23 22:46:07 2017] [notice] Child 632: Child process is exiting
[Thu Mar 23 22:46:07 2017] [notice] Parent: Child process exited successfully.
[Thu Mar 23 22:46:08 2017] [notice] Apache/2.2.32 (Win64) configured -- resuming normal operations
[Thu Mar 23 22:46:08 2017] [notice] Server built: Jan 18 2017 12:57:53
[Thu Mar 23 22:46:08 2017] [notice] Parent: Created child process 14348
Apache server interrupted...
otice] Child 14348: Child process is running
[Thu Mar 23 22:46:08 2017] [notice] Child 14348: Acquired the start mutex.
[Thu Mar 23 22:46:08 2017] [notice] Child 14348: Starting 64 worker threads.
[Thu Mar 23 22:46:08 2017] [notice] Child 14348: Starting thread to listen on port 80.
[Thu Mar 23 22:46:08 2017] [notice] Child 14348: Starting thread to listen on port 80.
[Thu Mar 23 22:46:13 2017] [error] [client ::1] File does not exist: C:/repos/odx-portal/src/odxp_ui/src/main/webapp/js/odxp, referer: http://localhost/hie/app_shell/Welcome.jsf?SM_USERNAME=UserProvider&faces-redirect=true
[Thu Mar 23 22:46:15 2017] [error] [client ::1] File does not exist: C:/repos/odx-portal/src/odxp_ui/src/main/webapp/js/odxp, referer: http://localhost/hie/app_shell/Welcome.jsf?SM_USERNAME=UserProvider&faces-redirect=true
[Thu Mar 23 22:46:15 2017] [error] [client ::1] File does not exist: C:/repos/odx-portal/src/odxp_ui/src/main/webapp/js/odxp, referer: http://localhost/hie/app_shell/Welcome.jsf?SM_USERNAME=UserProvider&faces-redirect=true
[Thu Mar 23 22:46:16 2017] [error] [client ::1] File does not exist: C:/repos/odx-portal/src/odxp_ui/src/main/webapp/js/odxp, referer: http://localhost/hie/app_shell/Welcome.jsf?SM_USERNAME=UserProvider&faces-redirect=true
[Thu Mar 23 22:46:16 2017] [error] [client ::1] File does not exist: C:/repos/odx-portal/src/odxp_ui/src/main/webapp/js/odxp, referer: http://localhost/hie/app_shell/Welcome.jsf?SM_USERNAME=UserProvider&faces-redirect=true
[Thu Mar 23 22:46:26 2017] [notice] Parent: Received shutdown signal -- Shutting down the server.
[Thu Mar 23 22:46:26 2017] [notice] Child 14348: Exit event signaled. Child process is ending.
[Thu Mar 23 22:46:27 2017] [notice] Child 14348: Released the start mutex
[Thu Mar 23 22:46:28 2017] [notice] Child 14348: All worker threads have exited.
[Thu Mar 23 22:46:28 2017] [notice] Child 14348: Child process is exiting
[Thu Mar 23 22:46:28 2017] [notice] Parent: Child process exited successfully.
[Thu Mar 23 22:46:29 2017] [notice] Apache/2.2.32 (Win64) configured -- resuming normal operations
[Thu Mar 23 22:46:29 2017] [notice] Server built: Jan 18 2017 12:57:53
[Thu Mar 23 22:46:29 2017] [notice] Parent: Created child process 15252
Apache server interrupted...
otice] Child 15252: Child process is running
[Thu Mar 23 22:46:30 2017] [notice] Child 15252: Acquired the start mutex.
[Thu Mar 23 22:46:30 2017] [notice] Child 15252: Starting 64 worker threads.
[Thu Mar 23 22:46:30 2017] [notice] Child 15252: Starting thread to listen on port 80.
[Thu Mar 23 22:46:30 2017] [notice] Child 15252: Starting thread to listen on port 80.
[Thu Mar 23 22:47:46 2017] [notice] Parent: Received shutdown signal -- Shutting down the server.
[Thu Mar 23 22:47:46 2017] [notice] Child 15252: Exit event signaled. Child process is ending.
[Thu Mar 23 22:47:47 2017] [notice] Child 15252: Released the start mutex
[Thu Mar 23 22:47:48 2017] [notice] Child 15252: All worker threads have exited.
[Thu Mar 23 22:47:48 2017] [notice] Child 15252: Child process is exiting
[Thu Mar 23 22:47:48 2017] [notice] Parent: Child process exited successfully.
[Thu Mar 23 22:47:49 2017] [notice] Apache/2.2.32 (Win64) configured -- resuming normal operations
[Thu Mar 23 22:47:49 2017] [notice] Server built: Jan 18 2017 12:57:53
[Thu Mar 23 22:47:49 2017] [notice] Parent: Created child process 2916
Apache server interrupted...
otice] Child 2916: Child process is running
[Thu Mar 23 22:47:49 2017] [notice] Child 2916: Acquired the start mutex.
[Thu Mar 23 22:47:49 2017] [notice] Child 2916: Starting 64 worker threads.
[Thu Mar 23 22:47:49 2017] [notice] Child 2916: Starting thread to listen on port 80.
[Thu Mar 23 22:47:49 2017] [notice] Child 2916: Starting thread to listen on port 80.
[Thu Mar 23 22:51:06 2017] [notice] Parent: Received shutdown signal -- Shutting down the server.
[Thu Mar 23 22:51:06 2017] [notice] Child 2916: Exit event signaled. Child process is ending.
[Thu Mar 23 22:51:07 2017] [notice] Child 2916: Released the start mutex
[Thu Mar 23 22:51:08 2017] [notice] Child 2916: All worker threads have exited.
[Thu Mar 23 22:51:08 2017] [notice] Child 2916: Child process is exiting
[Thu Mar 23 22:51:08 2017] [notice] Parent: Child process exited successfully.
[Thu Mar 23 22:51:10 2017] [notice] Apache/2.2.32 (Win64) configured -- resuming normal operations
[Thu Mar 23 22:51:10 2017] [notice] Server built: Jan 18 2017 12:57:53
[Thu Mar 23 22:51:10 2017] [notice] Parent: Created child process 11380
Apache server interrupted...
otice] Child 11380: Child process is running
[Thu Mar 23 22:51:10 2017] [notice] Child 11380: Acquired the start mutex.
[Thu Mar 23 22:51:10 2017] [notice] Child 11380: Starting 64 worker threads.
[Thu Mar 23 22:51:10 2017] [notice] Child 11380: Starting thread to listen on port 80.
[Thu Mar 23 22:51:10 2017] [notice] Child 11380: Starting thread to listen on port 80.
[Thu Mar 23 22:52:57 2017] [notice] Parent: Received shutdown signal -- Shutting down the server.
[Thu Mar 23 22:52:57 2017] [notice] Child 11380: Exit event signaled. Child process is ending.
[Thu Mar 23 22:52:58 2017] [notice] Child 11380: Released the start mutex
[Thu Mar 23 22:52:59 2017] [notice] Child 11380: All worker threads have exited.
[Thu Mar 23 22:52:59 2017] [notice] Child 11380: Child process is exiting
[Thu Mar 23 22:52:59 2017] [notice] Parent: Child process exited successfully.
[Thu Mar 23 22:53:01 2017] [notice] Apache/2.2.32 (Win64) configured -- resuming normal operations
[Thu Mar 23 22:53:01 2017] [notice] Server built: Jan 18 2017 12:57:53
[Thu Mar 23 22:53:01 2017] [notice] Parent: Created child process 13944
Apache server interrupted...
otice] Child 13944: Child process is running
[Thu Mar 23 22:53:02 2017] [notice] Child 13944: Acquired the start mutex.
[Thu Mar 23 22:53:02 2017] [notice] Child 13944: Starting 64 worker threads.
[Thu Mar 23 22:53:02 2017] [notice] Child 13944: Starting thread to listen on port 80.
[Thu Mar 23 22:53:02 2017] [notice] Child 13944: Starting thread to listen on port 80.
[Thu Mar 23 22:54:12 2017] [notice] Parent: Received shutdown signal -- Shutting down the server.
[Thu Mar 23 22:54:12 2017] [notice] Child 13944: Exit event signaled. Child process is ending.
[Thu Mar 23 22:54:13 2017] [notice] Child 13944: Released the start mutex
[Thu Mar 23 22:54:14 2017] [notice] Child 13944: All worker threads have exited.
[Thu Mar 23 22:54:14 2017] [notice] Child 13944: Child process is exiting
[Thu Mar 23 22:54:14 2017] [notice] Parent: Child process exited successfully.
[Thu Mar 23 22:55:40 2017] [notice] Apache/2.2.32 (Win64) configured -- resuming normal operations
[Thu Mar 23 22:55:40 2017] [notice] Server built: Jan 18 2017 12:57:53
[Thu Mar 23 22:55:40 2017] [notice] Parent: Created child process 13896
Apache server interrupted...
otice] Child 13896: Child process is running
[Thu Mar 23 22:55:41 2017] [notice] Child 13896: Acquired the start mutex.
[Thu Mar 23 22:55:41 2017] [notice] Child 13896: Starting 64 worker threads.
[Thu Mar 23 22:55:41 2017] [notice] Child 13896: Starting thread to listen on port 80.
[Thu Mar 23 22:55:41 2017] [notice] Child 13896: Starting thread to listen on port 80.
[Thu Mar 23 23:03:29 2017] [notice] Parent: Received shutdown signal -- Shutting down the server.
[Thu Mar 23 23:03:29 2017] [notice] Child 13896: Exit event signaled. Child process is ending.
[Thu Mar 23 23:03:30 2017] [notice] Child 13896: Released the start mutex
[Thu Mar 23 23:03:31 2017] [notice] Child 13896: All worker threads have exited.
[Thu Mar 23 23:03:31 2017] [notice] Child 13896: Child process is exiting
[Thu Mar 23 23:03:31 2017] [notice] Parent: Child process exited successfully.
[Thu Mar 23 23:03:32 2017] [notice] Apache/2.2.32 (Win64) configured -- resuming normal operations
[Thu Mar 23 23:03:32 2017] [notice] Server built: Jan 18 2017 12:57:53
[Thu Mar 23 23:03:33 2017] [notice] Parent: Created child process 14908
Apache server interrupted...
otice] Child 14908: Child process is running
[Thu Mar 23 23:03:33 2017] [notice] Child 14908: Acquired the start mutex.
[Thu Mar 23 23:03:33 2017] [notice] Child 14908: Starting 64 worker threads.
[Thu Mar 23 23:03:33 2017] [notice] Child 14908: Starting thread to listen on port 80.
[Thu Mar 23 23:03:33 2017] [notice] Child 14908: Starting thread to listen on port 80.
[Thu Mar 23 23:03:39 2017] [error] [client ::1] File does not exist: C:/repos/odx-portal/src/odxp_ui/src/main/webapp/js/odxp
[Thu Mar 23 23:03:41 2017] [error] [client ::1] File does not exist: C:/repos/odx-portal/src/odxp_ui/src/main/webapp/js/odxp, referer: http://localhost/hie/app_shell/Welcome.jsf?SM_USERNAME=UserProvider&faces-redirect=true
[Thu Mar 23 23:04:06 2017] [notice] Parent: Received shutdown signal -- Shutting down the server.
[Thu Mar 23 23:04:06 2017] [notice] Child 14908: Exit event signaled. Child process is ending.
[Thu Mar 23 23:04:07 2017] [notice] Child 14908: Released the start mutex
[Thu Mar 23 23:04:08 2017] [notice] Child 14908: All worker threads have exited.
[Thu Mar 23 23:04:08 2017] [notice] Child 14908: Child process is exiting
[Thu Mar 23 23:04:08 2017] [notice] Parent: Child process exited successfully.
[Thu Mar 23 23:04:10 2017] [notice] Apache/2.2.32 (Win64) configured -- resuming normal operations
[Thu Mar 23 23:04:10 2017] [notice] Server built: Jan 18 2017 12:57:53
[Thu Mar 23 23:04:10 2017] [notice] Parent: Created child process 14388
Apache server interrupted...
otice] Child 14388: Child process is running
[Thu Mar 23 23:04:10 2017] [notice] Child 14388: Acquired the start mutex.
[Thu Mar 23 23:04:10 2017] [notice] Child 14388: Starting 64 worker threads.
[Thu Mar 23 23:04:10 2017] [notice] Child 14388: Starting thread to listen on port 80.
[Thu Mar 23 23:04:10 2017] [notice] Child 14388: Starting thread to listen on port 80.
[Thu Mar 23 23:04:13 2017] [error] [client ::1] File does not exist: C:/repos/odx-portal/src/odxp_ui/src/main/webapp/js/odxp, referer: http://localhost/hie/app_shell/Welcome.jsf?SM_USERNAME=UserProvider&faces-redirect=true
[Thu Mar 23 23:04:13 2017] [error] [client ::1] File does not exist: C:/repos/odx-portal/src/odxp_ui/src/main/webapp/js/odxp, referer: http://localhost/hie/app_shell/Welcome.jsf?SM_USERNAME=UserProvider&faces-redirect=true
[Thu Mar 23 23:04:28 2017] [notice] Parent: Received shutdown signal -- Shutting down the server.
Apache server interrupted...
otice] Child 14388: Exit event signaled. Child process is ending.
[Thu Mar 23 23:04:29 2017] [notice] Child 14388: Released the start mutex
[Thu Mar 23 23:04:30 2017] [notice] Child 14388: All worker threads have exited.
[Thu Mar 23 23:04:30 2017] [notice] Child 14388: Child process is exiting
[Thu Mar 23 23:04:30 2017] [notice] Parent: Child process exited successfully.
[Thu Mar 23 23:04:32 2017] [notice] Apache/2.2.32 (Win64) configured -- resuming normal operations
[Thu Mar 23 23:04:32 2017] [notice] Server built: Jan 18 2017 12:57:53
[Thu Mar 23 23:04:32 2017] [notice] Parent: Created child process 14544
Apache server interrupted...
otice] Child 14544: Child process is running
[Thu Mar 23 23:04:32 2017] [notice] Child 14544: Acquired the start mutex.
[Thu Mar 23 23:04:32 2017] [notice] Child 14544: Starting 64 worker threads.
[Thu Mar 23 23:04:32 2017] [notice] Child 14544: Starting thread to listen on port 80.
[Thu Mar 23 23:04:32 2017] [notice] Child 14544: Starting thread to listen on port 80.
[Thu Mar 23 23:12:01 2017] [notice] Parent: Received shutdown signal -- Shutting down the server.
[Thu Mar 23 23:12:01 2017] [notice] Child 14544: Exit event signaled. Child process is ending.
[Thu Mar 23 23:12:02 2017] [notice] Child 14544: Released the start mutex
[Thu Mar 23 23:12:03 2017] [notice] Child 14544: All worker threads have exited.
[Thu Mar 23 23:12:03 2017] [notice] Child 14544: Child process is exiting
[Thu Mar 23 23:12:03 2017] [notice] Parent: Child process exited successfully.
[Thu Mar 23 23:12:04 2017] [notice] Apache/2.2.32 (Win64) configured -- resuming normal operations
[Thu Mar 23 23:12:04 2017] [notice] Server built: Jan 18 2017 12:57:53
[Thu Mar 23 23:12:04 2017] [notice] Parent: Created child process 6248
Apache server interrupted...
otice] Child 6248: Child process is running
[Thu Mar 23 23:12:05 2017] [notice] Child 6248: Acquired the start mutex.
[Thu Mar 23 23:12:05 2017] [notice] Child 6248: Starting 64 worker threads.
[Thu Mar 23 23:12:05 2017] [notice] Child 6248: Starting thread to listen on port 80.
[Thu Mar 23 23:12:05 2017] [notice] Child 6248: Starting thread to listen on port 80.
[Thu Mar 23 23:12:44 2017] [notice] Parent: Received shutdown signal -- Shutting down the server.
[Thu Mar 23 23:12:44 2017] [notice] Child 6248: Exit event signaled. Child process is ending.
[Thu Mar 23 23:12:45 2017] [notice] Child 6248: Released the start mutex
[Thu Mar 23 23:12:46 2017] [notice] Child 6248: All worker threads have exited.
[Thu Mar 23 23:12:46 2017] [notice] Child 6248: Child process is exiting
[Thu Mar 23 23:12:46 2017] [notice] Parent: Child process exited successfully.
[Thu Mar 23 23:12:47 2017] [notice] Apache/2.2.32 (Win64) configured -- resuming normal operations
[Thu Mar 23 23:12:47 2017] [notice] Server built: Jan 18 2017 12:57:53
[Thu Mar 23 23:12:47 2017] [notice] Parent: Created child process 6320
Apache server interrupted...
otice] Child 6320: Child process is running
[Thu Mar 23 23:12:48 2017] [notice] Child 6320: Acquired the start mutex.
[Thu Mar 23 23:12:48 2017] [notice] Child 6320: Starting 64 worker threads.
[Thu Mar 23 23:12:48 2017] [notice] Child 6320: Starting thread to listen on port 80.
[Thu Mar 23 23:12:48 2017] [notice] Child 6320: Starting thread to listen on port 80.
[Thu Mar 23 23:14:42 2017] [notice] Parent: Received shutdown signal -- Shutting down the server.
[Thu Mar 23 23:14:42 2017] [notice] Child 6320: Exit event signaled. Child process is ending.
[Thu Mar 23 23:14:43 2017] [notice] Child 6320: Released the start mutex
[Thu Mar 23 23:14:44 2017] [notice] Child 6320: All worker threads have exited.
[Thu Mar 23 23:14:44 2017] [notice] Child 6320: Child process is exiting
[Thu Mar 23 23:14:44 2017] [notice] Parent: Child process exited successfully.
[Thu Mar 23 23:14:45 2017] [notice] Apache/2.2.32 (Win64) configured -- resuming normal operations
[Thu Mar 23 23:14:45 2017] [notice] Server built: Jan 18 2017 12:57:53
[Thu Mar 23 23:14:45 2017] [notice] Parent: Created child process 7684
Apache server interrupted...
otice] Child 7684: Child process is running
[Thu Mar 23 23:14:45 2017] [notice] Child 7684: Acquired the start mutex.
[Thu Mar 23 23:14:45 2017] [notice] Child 7684: Starting 64 worker threads.
[Thu Mar 23 23:14:45 2017] [notice] Child 7684: Starting thread to listen on port 80.
[Thu Mar 23 23:14:45 2017] [notice] Child 7684: Starting thread to listen on port 80.
[Thu Mar 23 23:14:58 2017] [error] [client ::1] File does not exist: C:/repos/odx-portal/src/odxp_ui/src/main/webapp/js/odxp
[Thu Mar 23 23:15:02 2017] [error] [client ::1] File does not exist: C:/repos/odx-portal/src/odxp_ui/src/main/webapp/js/odxp
[Thu Mar 23 23:15:04 2017] [error] [client ::1] File does not exist: C:/repos/odx-portal/src/odxp_ui/src/main/webapp/js/odxp
[Thu Mar 23 23:15:07 2017] [error] [client ::1] File does not exist: C:/repos/odx-portal/src/odxp_ui/src/main/webapp/js/odxp
[Thu Mar 23 23:15:07 2017] [error] [client ::1] File does not exist: C:/repos/odx-portal/src/odxp_ui/src/main/webapp/js/odxp
[Thu Mar 23 23:15:07 2017] [error] [client ::1] File does not exist: C:/repos/odx-portal/src/odxp_ui/src/main/webapp/js/odxp
[Thu Mar 23 23:15:07 2017] [error] [client ::1] File does not exist: C:/repos/odx-portal/src/odxp_ui/src/main/webapp/js/odxp
[Thu Mar 23 23:15:11 2017] [error] [client ::1] File does not exist: C:/repos/odx-portal/src/odxp_ui/src/main/webapp/js/odxp, referer: http://localhost/hie/app_shell/Welcome.jsf?SM_USERNAME=UserProvider&faces-redirect=true
[Thu Mar 23 23:15:14 2017] [error] [client ::1] File does not exist: C:/repos/odx-portal/src/odxp_ui/src/main/webapp/js/odxp, referer: http://localhost/hie/app_shell/Welcome.jsf?SM_USERNAME=UserProvider&faces-redirect=true
[Thu Mar 23 23:15:14 2017] [error] [client ::1] File does not exist: C:/repos/odx-portal/src/odxp_ui/src/main/webapp/js/odxp, referer: http://localhost/hie/app_shell/Welcome.jsf?SM_USERNAME=UserProvider&faces-redirect=true
[Thu Mar 23 23:15:14 2017] [error] [client ::1] File does not exist: C:/repos/odx-portal/src/odxp_ui/src/main/webapp/js/odxp, referer: http://localhost/hie/app_shell/Welcome.jsf?SM_USERNAME=UserProvider&faces-redirect=true
[Thu Mar 23 23:15:15 2017] [error] [client ::1] File does not exist: C:/repos/odx-portal/src/odxp_ui/src/main/webapp/js/odxp, referer: http://localhost/hie/app_shell/Welcome.jsf?SM_USERNAME=UserProvider&faces-redirect=true
[Thu Mar 23 23:15:15 2017] [error] [client ::1] File does not exist: C:/repos/odx-portal/src/odxp_ui/src/main/webapp/js/odxp, referer: http://localhost/hie/app_shell/Welcome.jsf?SM_USERNAME=UserProvider&faces-redirect=true
[Thu Mar 23 23:15:15 2017] [error] [client ::1] File does not exist: C:/repos/odx-portal/src/odxp_ui/src/main/webapp/js/odxp, referer: http://localhost/hie/app_shell/Welcome.jsf?SM_USERNAME=UserProvider&faces-redirect=true
[Thu Mar 23 23:16:09 2017] [error] [client ::1] File does not exist: C:/repos/odx-portal/src/odxp_ui/src/main/webapp/js/jd
[Thu Mar 23 23:16:13 2017] [error] [client ::1] File does not exist: C:/repos/odx-portal/src/odxp_ui/src/main/webapp/js/js
[Thu Mar 23 23:17:46 2017] [notice] Parent: Received shutdown signal -- Shutting down the server.
[Thu Mar 23 23:17:46 2017] [notice] Child 7684: Exit event signaled. Child process is ending.
[Thu Mar 23 23:17:47 2017] [notice] Child 7684: Released the start mutex
[Thu Mar 23 23:17:48 2017] [notice] Child 7684: All worker threads have exited.
[Thu Mar 23 23:17:48 2017] [notice] Child 7684: Child process is exiting
[Thu Mar 23 23:17:48 2017] [notice] Parent: Child process exited successfully.
[Thu Mar 23 23:17:49 2017] [notice] Apache/2.2.32 (Win64) configured -- resuming normal operations
[Thu Mar 23 23:17:49 2017] [notice] Server built: Jan 18 2017 12:57:53
[Thu Mar 23 23:17:49 2017] [notice] Parent: Created child process 6392
Apache server interrupted...
otice] Child 6392: Child process is running
[Thu Mar 23 23:17:50 2017] [notice] Child 6392: Acquired the start mutex.
[Thu Mar 23 23:17:50 2017] [notice] Child 6392: Starting 64 worker threads.
[Thu Mar 23 23:17:50 2017] [notice] Child 6392: Starting thread to listen on port 80.
[Thu Mar 23 23:17:50 2017] [notice] Child 6392: Starting thread to listen on port 80.
[Thu Mar 23 23:17:56 2017] [error] [client ::1] File does not exist: C:/repos/odx-portal/src/odxp_ui/src/main/webapp/js/js
[Thu Mar 23 23:17:57 2017] [error] [client ::1] File does not exist: C:/repos/odx-portal/src/odxp_ui/src/main/webapp/js/js
[Thu Mar 23 23:17:58 2017] [error] [client ::1] File does not exist: C:/repos/odx-portal/src/odxp_ui/src/main/webapp/js/js
[Thu Mar 23 23:17:58 2017] [error] [client ::1] File does not exist: C:/repos/odx-portal/src/odxp_ui/src/main/webapp/js/js
[Thu Mar 23 23:17:59 2017] [error] [client ::1] File does not exist: C:/repos/odx-portal/src/odxp_ui/src/main/webapp/js/js
[Thu Mar 23 23:17:59 2017] [error] [client ::1] File does not exist: C:/repos/odx-portal/src/odxp_ui/src/main/webapp/js/js
[Thu Mar 23 23:17:59 2017] [error] [client ::1] File does not exist: C:/repos/odx-portal/src/odxp_ui/src/main/webapp/js/js
[Thu Mar 23 23:18:00 2017] [error] [client ::1] File does not exist: C:/repos/odx-portal/src/odxp_ui/src/main/webapp/js/js
[Thu Mar 23 23:18:10 2017] [error] [client ::1] File does not exist: C:/repos/odx-portal/src/odxp_ui/src/main/webapp/js/odxp
[Thu Mar 23 23:18:13 2017] [error] [client ::1] File does not exist: C:/repos/odx-portal/src/odxp_ui/src/main/webapp/js/odxp, referer: http://localhost/hie/app_shell/Welcome.jsf?SM_USERNAME=UserProvider&faces-redirect=true
[Thu Mar 23 23:18:14 2017] [error] [client ::1] File does not exist: C:/repos/odx-portal/src/odxp_ui/src/main/webapp/js/odxp, referer: http://localhost/hie/app_shell/Welcome.jsf?SM_USERNAME=UserProvider&faces-redirect=true
[Thu Mar 23 23:18:14 2017] [error] [client ::1] File does not exist: C:/repos/odx-portal/src/odxp_ui/src/main/webapp/js/odxp, referer: http://localhost/hie/app_shell/Welcome.jsf?SM_USERNAME=UserProvider&faces-redirect=true
[Thu Mar 23 23:18:14 2017] [error] [client ::1] File does not exist: C:/repos/odx-portal/src/odxp_ui/src/main/webapp/js/odxp, referer: http://localhost/hie/app_shell/Welcome.jsf?SM_USERNAME=UserProvider&faces-redirect=true
[Thu Mar 23 23:19:28 2017] [notice] Parent: Received shutdown signal -- Shutting down the server.
[Thu Mar 23 23:19:28 2017] [notice] Child 6392: Exit event signaled. Child process is ending.
[Thu Mar 23 23:19:29 2017] [notice] Child 6392: Released the start mutex
[Thu Mar 23 23:19:30 2017] [notice] Child 6392: All worker threads have exited.
[Thu Mar 23 23:19:30 2017] [notice] Child 6392: Child process is exiting
[Thu Mar 23 23:19:30 2017] [notice] Parent: Child process exited successfully.
[Thu Mar 23 23:19:31 2017] [notice] Apache/2.2.32 (Win64) configured -- resuming normal operations
[Thu Mar 23 23:19:31 2017] [notice] Server built: Jan 18 2017 12:57:53
[Thu Mar 23 23:19:31 2017] [notice] Parent: Created child process 10632
Apache server interrupted...
otice] Child 10632: Child process is running
[Thu Mar 23 23:19:31 2017] [notice] Child 10632: Acquired the start mutex.
[Thu Mar 23 23:19:31 2017] [notice] Child 10632: Starting 64 worker threads.
[Thu Mar 23 23:19:31 2017] [notice] Child 10632: Starting thread to listen on port 80.
[Thu Mar 23 23:19:31 2017] [notice] Child 10632: Starting thread to listen on port 80.
[Thu Mar 23 23:19:37 2017] [error] [client ::1] File does not exist: C:/repos/odx-portal/src/odxp_ui/src/main/webapp/js/odxp, referer: http://localhost/hie/app_shell/Welcome.jsf?SM_USERNAME=UserProvider&faces-redirect=true
[Thu Mar 23 23:19:38 2017] [error] [client ::1] File does not exist: C:/repos/odx-portal/src/odxp_ui/src/main/webapp/js/odxp, referer: http://localhost/hie/app_shell/Welcome.jsf?SM_USERNAME=UserProvider&faces-redirect=true
[Thu Mar 23 23:19:39 2017] [error] [client ::1] File does not exist: C:/repos/odx-portal/src/odxp_ui/src/main/webapp/js/odxp, referer: http://localhost/hie/app_shell/Welcome.jsf?SM_USERNAME=UserProvider&faces-redirect=true
[Thu Mar 23 23:19:39 2017] [error] [client ::1] File does not exist: C:/repos/odx-portal/src/odxp_ui/src/main/webapp/js/odxp, referer: http://localhost/hie/app_shell/Welcome.jsf?SM_USERNAME=UserProvider&faces-redirect=true
[Thu Mar 23 23:19:39 2017] [error] [client ::1] File does not exist: C:/repos/odx-portal/src/odxp_ui/src/main/webapp/js/odxp, referer: http://localhost/hie/app_shell/Welcome.jsf?SM_USERNAME=UserProvider&faces-redirect=true
[Thu Mar 23 23:19:40 2017] [error] [client ::1] File does not exist: C:/repos/odx-portal/src/odxp_ui/src/main/webapp/js/odxp, referer: http://localhost/hie/app_shell/Welcome.jsf?SM_USERNAME=UserProvider&faces-redirect=true
[Thu Mar 23 23:20:15 2017] [notice] Parent: Received shutdown signal -- Shutting down the server.
Apache server interrupted...
otice] Child 10632: Exit event signaled. Child process is ending.
[Thu Mar 23 23:20:16 2017] [notice] Child 10632: Released the start mutex
[Thu Mar 23 23:20:17 2017] [notice] Child 10632: All worker threads have exited.
[Thu Mar 23 23:20:17 2017] [notice] Child 10632: Child process is exiting
[Thu Mar 23 23:20:17 2017] [notice] Parent: Child process exited successfully.
[Thu Mar 23 23:20:19 2017] [notice] Apache/2.2.32 (Win64) configured -- resuming normal operations
[Thu Mar 23 23:20:19 2017] [notice] Server built: Jan 18 2017 12:57:53
[Thu Mar 23 23:20:19 2017] [notice] Parent: Created child process 12984
Apache server interrupted...
otice] Child 12984: Child process is running
[Thu Mar 23 23:20:20 2017] [notice] Child 12984: Acquired the start mutex.
[Thu Mar 23 23:20:20 2017] [notice] Child 12984: Starting 64 worker threads.
[Thu Mar 23 23:20:20 2017] [notice] Child 12984: Starting thread to listen on port 80.
[Thu Mar 23 23:20:20 2017] [notice] Child 12984: Starting thread to listen on port 80.
[Thu Mar 23 23:20:25 2017] [error] [client ::1] File does not exist: C:/repos/odx-portal/src/odxp_ui/src/main/webapp/js/odxp, referer: http://localhost/hie/app_shell/Welcome.jsf?SM_USERNAME=UserProvider&faces-redirect=true
[Thu Mar 23 23:20:26 2017] [error] [client ::1] File does not exist: C:/repos/odx-portal/src/odxp_ui/src/main/webapp/js/odxp, referer: http://localhost/hie/app_shell/Welcome.jsf?SM_USERNAME=UserProvider&faces-redirect=true
[Thu Mar 23 23:20:27 2017] [error] [client ::1] File does not exist: C:/repos/odx-portal/src/odxp_ui/src/main/webapp/js/odxp, referer: http://localhost/hie/app_shell/Welcome.jsf?SM_USERNAME=UserProvider&faces-redirect=true
[Thu Mar 23 23:20:27 2017] [error] [client ::1] File does not exist: C:/repos/odx-portal/src/odxp_ui/src/main/webapp/js/odxp, referer: http://localhost/hie/app_shell/Welcome.jsf?SM_USERNAME=UserProvider&faces-redirect=true
[Thu Mar 23 23:20:27 2017] [error] [client ::1] File does not exist: C:/repos/odx-portal/src/odxp_ui/src/main/webapp/js/odxp, referer: http://localhost/hie/app_shell/Welcome.jsf?SM_USERNAME=UserProvider&faces-redirect=true
[Thu Mar 23 23:20:27 2017] [error] [client ::1] File does not exist: C:/repos/odx-portal/src/odxp_ui/src/main/webapp/js/odxp, referer: http://localhost/hie/app_shell/Welcome.jsf?SM_USERNAME=UserProvider&faces-redirect=true
[Thu Mar 23 23:20:27 2017] [error] [client ::1] File does not exist: C:/repos/odx-portal/src/odxp_ui/src/main/webapp/js/odxp, referer: http://localhost/hie/app_shell/Welcome.jsf?SM_USERNAME=UserProvider&faces-redirect=true
[Thu Mar 23 23:20:28 2017] [error] [client ::1] File does not exist: C:/repos/odx-portal/src/odxp_ui/src/main/webapp/js/odxp, referer: http://localhost/hie/app_shell/Welcome.jsf?SM_USERNAME=UserProvider&faces-redirect=true
[Thu Mar 23 23:20:28 2017] [error] [client ::1] File does not exist: C:/repos/odx-portal/src/odxp_ui/src/main/webapp/js/odxp, referer: http://localhost/hie/app_shell/Welcome.jsf?SM_USERNAME=UserProvider&faces-redirect=true
[Thu Mar 23 23:20:52 2017] [notice] Parent: Received shutdown signal -- Shutting down the server.
[Thu Mar 23 23:20:52 2017] [notice] Child 12984: Exit event signaled. Child process is ending.
[Thu Mar 23 23:20:53 2017] [notice] Child 12984: Released the start mutex
[Thu Mar 23 23:20:54 2017] [notice] Child 12984: All worker threads have exited.
[Thu Mar 23 23:20:54 2017] [notice] Child 12984: Child process is exiting
[Thu Mar 23 23:20:54 2017] [notice] Parent: Child process exited successfully.
[Thu Mar 23 23:20:55 2017] [notice] Apache/2.2.32 (Win64) configured -- resuming normal operations
[Thu Mar 23 23:20:55 2017] [notice] Server built: Jan 18 2017 12:57:53
[Thu Mar 23 23:20:55 2017] [notice] Parent: Created child process 13984
Apache server interrupted...
otice] Child 13984: Child process is running
[Thu Mar 23 23:20:56 2017] [notice] Child 13984: Acquired the start mutex.
[Thu Mar 23 23:20:56 2017] [notice] Child 13984: Starting 64 worker threads.
[Thu Mar 23 23:20:56 2017] [notice] Child 13984: Starting thread to listen on port 80.
[Thu Mar 23 23:20:56 2017] [notice] Child 13984: Starting thread to listen on port 80.
[Thu Mar 23 23:21:03 2017] [error] [client ::1] File does not exist: C:/repos/odx-portal/src/odxp_ui/src/main/webapp/js/odxp, referer: http://localhost/hie/app_shell/Welcome.jsf?SM_USERNAME=UserProvider&faces-redirect=true
[Thu Mar 23 23:21:04 2017] [error] [client ::1] File does not exist: C:/repos/odx-portal/src/odxp_ui/src/main/webapp/js/odxp, referer: http://localhost/hie/app_shell/Welcome.jsf?SM_USERNAME=UserProvider&faces-redirect=true
[Thu Mar 23 23:21:05 2017] [error] [client ::1] File does not exist: C:/repos/odx-portal/src/odxp_ui/src/main/webapp/js/odxp, referer: http://localhost/hie/app_shell/Welcome.jsf?SM_USERNAME=UserProvider&faces-redirect=true
[Thu Mar 23 23:21:05 2017] [error] [client ::1] File does not exist: C:/repos/odx-portal/src/odxp_ui/src/main/webapp/js/odxp, referer: http://localhost/hie/app_shell/Welcome.jsf?SM_USERNAME=UserProvider&faces-redirect=true
[Thu Mar 23 23:22:25 2017] [notice] Parent: Received shutdown signal -- Shutting down the server.
[Thu Mar 23 23:22:25 2017] [notice] Child 13984: Exit event signaled. Child process is ending.
[Thu Mar 23 23:22:26 2017] [notice] Child 13984: Released the start mutex
[Thu Mar 23 23:22:27 2017] [notice] Child 13984: All worker threads have exited.
[Thu Mar 23 23:22:27 2017] [notice] Child 13984: Child process is exiting
[Thu Mar 23 23:22:27 2017] [notice] Parent: Child process exited successfully.
[Thu Mar 23 23:22:28 2017] [notice] Apache/2.2.32 (Win64) configured -- resuming normal operations
[Thu Mar 23 23:22:28 2017] [notice] Server built: Jan 18 2017 12:57:53
[Thu Mar 23 23:22:28 2017] [notice] Parent: Created child process 4392
Apache server interrupted...
otice] Child 4392: Child process is running
[Thu Mar 23 23:22:29 2017] [notice] Child 4392: Acquired the start mutex.
[Thu Mar 23 23:22:29 2017] [notice] Child 4392: Starting 64 worker threads.
[Thu Mar 23 23:22:29 2017] [notice] Child 4392: Starting thread to listen on port 80.
[Thu Mar 23 23:22:29 2017] [notice] Child 4392: Starting thread to listen on port 80.
[Thu Mar 23 23:22:48 2017] [error] [client ::1] File does not exist: C:/repos/odx-portal/src/odxp_ui/src/main/webapp/odxp, referer: http://localhost/hie/app_shell/Welcome.jsf?SM_USERNAME=UserProvider&faces-redirect=true
[Thu Mar 23 23:22:51 2017] [error] [client ::1] File does not exist: C:/repos/odx-portal/src/odxp_ui/src/main/webapp/odxp, referer: http://localhost/hie/app_shell/Welcome.jsf?SM_USERNAME=UserProvider&faces-redirect=true
[Thu Mar 23 23:22:51 2017] [error] [client ::1] File does not exist: C:/repos/odx-portal/src/odxp_ui/src/main/webapp/odxp, referer: http://localhost/hie/app_shell/Welcome.jsf?SM_USERNAME=UserProvider&faces-redirect=true
[Thu Mar 23 23:22:51 2017] [error] [client ::1] File does not exist: C:/repos/odx-portal/src/odxp_ui/src/main/webapp/odxp, referer: http://localhost/hie/app_shell/Welcome.jsf?SM_USERNAME=UserProvider&faces-redirect=true
[Thu Mar 23 23:28:44 2017] [notice] Parent: Received shutdown signal -- Shutting down the server.
[Thu Mar 23 23:28:44 2017] [notice] Child 4392: Exit event signaled. Child process is ending.
[Thu Mar 23 23:28:45 2017] [notice] Child 4392: Released the start mutex
[Thu Mar 23 23:28:46 2017] [notice] Child 4392: All worker threads have exited.
[Thu Mar 23 23:28:46 2017] [notice] Child 4392: Child process is exiting
[Thu Mar 23 23:28:46 2017] [notice] Parent: Child process exited successfully.
[Thu Mar 23 23:29:08 2017] [notice] Apache/2.2.32 (Win64) configured -- resuming normal operations
[Thu Mar 23 23:29:08 2017] [notice] Server built: Jan 18 2017 12:57:53
[Thu Mar 23 23:29:08 2017] [notice] Parent: Created child process 13336
Apache server interrupted...
otice] Child 13336: Child process is running
[Thu Mar 23 23:29:08 2017] [notice] Child 13336: Acquired the start mutex.
[Thu Mar 23 23:29:08 2017] [notice] Child 13336: Starting 64 worker threads.
[Thu Mar 23 23:29:08 2017] [notice] Child 13336: Starting thread to listen on port 80.
[Thu Mar 23 23:29:08 2017] [notice] Child 13336: Starting thread to listen on port 80.
[Thu Mar 23 23:29:17 2017] [error] [client ::1] File does not exist: C:/repos/odx-portal/src/odxp_ui/src/main/webapp/js/odxp, referer: http://localhost/hie/app_shell/Welcome.jsf?SM_USERNAME=UserProvider&faces-redirect=true
[Thu Mar 23 23:29:19 2017] [error] [client ::1] File does not exist: C:/repos/odx-portal/src/odxp_ui/src/main/webapp/js/odxp, referer: http://localhost/hie/app_shell/Welcome.jsf?SM_USERNAME=UserProvider&faces-redirect=true
[Thu Mar 23 23:29:19 2017] [error] [client ::1] File does not exist: C:/repos/odx-portal/src/odxp_ui/src/main/webapp/js/odxp, referer: http://localhost/hie/app_shell/Welcome.jsf?SM_USERNAME=UserProvider&faces-redirect=true
[Thu Mar 23 23:29:21 2017] [error] [client ::1] File does not exist: C:/repos/odx-portal/src/odxp_ui/src/main/webapp/js/odxp
[Thu Mar 23 23:29:21 2017] [error] [client ::1] File does not exist: C:/repos/odx-portal/src/odxp_ui/src/main/webapp/js/odxp
[Thu Mar 23 23:29:22 2017] [error] [client ::1] File does not exist: C:/repos/odx-portal/src/odxp_ui/src/main/webapp/js/odxp
[Thu Mar 23 23:32:13 2017] [notice] Parent: Received shutdown signal -- Shutting down the server.
[Thu Mar 23 23:32:13 2017] [notice] Child 13336: Exit event signaled. Child process is ending.
[Thu Mar 23 23:32:14 2017] [notice] Child 13336: Released the start mutex
[Thu Mar 23 23:32:15 2017] [notice] Child 13336: All worker threads have exited.
[Thu Mar 23 23:32:15 2017] [notice] Child 13336: Child process is exiting
[Thu Mar 23 23:32:15 2017] [notice] Parent: Child process exited successfully.
[Thu Mar 23 23:32:16 2017] [notice] Apache/2.2.32 (Win64) configured -- resuming normal operations
[Thu Mar 23 23:32:16 2017] [notice] Server built: Jan 18 2017 12:57:53
[Thu Mar 23 23:32:16 2017] [notice] Parent: Created child process 14128
Apache server interrupted...
otice] Child 14128: Child process is running
[Thu Mar 23 23:32:17 2017] [notice] Child 14128: Acquired the start mutex.
[Thu Mar 23 23:32:17 2017] [notice] Child 14128: Starting 64 worker threads.
[Thu Mar 23 23:32:17 2017] [notice] Child 14128: Starting thread to listen on port 80.
[Thu Mar 23 23:32:17 2017] [notice] Child 14128: Starting thread to listen on port 80.
[Thu Mar 23 23:36:34 2017] [notice] Parent: Received shutdown signal -- Shutting down the server.
[Thu Mar 23 23:36:34 2017] [notice] Child 14128: Exit event signaled. Child process is ending.
[Thu Mar 23 23:36:35 2017] [notice] Child 14128: Released the start mutex
[Thu Mar 23 23:36:36 2017] [notice] Child 14128: All worker threads have exited.
[Thu Mar 23 23:36:36 2017] [notice] Child 14128: Child process is exiting
[Thu Mar 23 23:36:36 2017] [notice] Parent: Child process exited successfully.
[Thu Mar 23 23:36:37 2017] [notice] Apache/2.2.32 (Win64) configured -- resuming normal operations
[Thu Mar 23 23:36:37 2017] [notice] Server built: Jan 18 2017 12:57:53
[Thu Mar 23 23:36:37 2017] [notice] Parent: Created child process 13876
Apache server interrupted...
otice] Child 13876: Child process is running
[Thu Mar 23 23:36:37 2017] [notice] Child 13876: Acquired the start mutex.
[Thu Mar 23 23:36:37 2017] [notice] Child 13876: Starting 64 worker threads.
[Thu Mar 23 23:36:37 2017] [notice] Child 13876: Starting thread to listen on port 80.
[Thu Mar 23 23:36:37 2017] [notice] Child 13876: Starting thread to listen on port 80.
[Thu Mar 23 23:40:03 2017] [notice] Parent: Received shutdown signal -- Shutting down the server.
[Thu Mar 23 23:40:03 2017] [notice] Child 13876: Exit event signaled. Child process is ending.
[Thu Mar 23 23:40:04 2017] [notice] Child 13876: Released the start mutex
[Thu Mar 23 23:40:05 2017] [notice] Child 13876: All worker threads have exited.
[Thu Mar 23 23:40:05 2017] [notice] Child 13876: Child process is exiting
[Thu Mar 23 23:40:05 2017] [notice] Parent: Child process exited successfully.
[Thu Mar 23 23:40:24 2017] [notice] Apache/2.2.32 (Win64) configured -- resuming normal operations
[Thu Mar 23 23:40:24 2017] [notice] Server built: Jan 18 2017 12:57:53
[Thu Mar 23 23:40:24 2017] [notice] Parent: Created child process 14384
Apache server interrupted...
otice] Child 14384: Child process is running
[Thu Mar 23 23:40:24 2017] [notice] Child 14384: Acquired the start mutex.
[Thu Mar 23 23:40:24 2017] [notice] Child 14384: Starting 64 worker threads.
[Thu Mar 23 23:40:24 2017] [notice] Child 14384: Starting thread to listen on port 1337.
[Thu Mar 23 23:40:24 2017] [notice] Child 14384: Starting thread to listen on port 1337.
[Thu Mar 23 23:40:24 2017] [notice] Child 14384: Starting thread to listen on port 80.
[Thu Mar 23 23:40:24 2017] [notice] Child 14384: Starting thread to listen on port 80.
[Thu Mar 23 23:43:29 2017] [notice] Parent: Received shutdown signal -- Shutting down the server.
[Thu Mar 23 23:43:29 2017] [notice] Child 14384: Exit event signaled. Child process is ending.
[Thu Mar 23 23:43:30 2017] [notice] Child 14384: Released the start mutex
[Thu Mar 23 23:43:31 2017] [notice] Child 14384: All worker threads have exited.
[Thu Mar 23 23:43:31 2017] [notice] Child 14384: Child process is exiting
[Thu Mar 23 23:43:31 2017] [notice] Parent: Child process exited successfully.
[Thu Mar 23 23:43:33 2017] [notice] Apache/2.2.32 (Win64) configured -- resuming normal operations
[Thu Mar 23 23:43:33 2017] [notice] Server built: Jan 18 2017 12:57:53
[Thu Mar 23 23:43:33 2017] [notice] Parent: Created child process 12412
Apache server interrupted...
otice] Child 12412: Child process is running
[Thu Mar 23 23:43:34 2017] [notice] Child 12412: Acquired the start mutex.
[Thu Mar 23 23:43:34 2017] [notice] Child 12412: Starting 64 worker threads.
[Thu Mar 23 23:43:34 2017] [notice] Child 12412: Starting thread to listen on port 1337.
[Thu Mar 23 23:43:34 2017] [notice] Child 12412: Starting thread to listen on port 1337.
[Thu Mar 23 23:43:34 2017] [notice] Child 12412: Starting thread to listen on port 80.
[Thu Mar 23 23:43:34 2017] [notice] Child 12412: Starting thread to listen on port 80.
[Thu Mar 23 23:44:56 2017] [notice] Parent: Received shutdown signal -- Shutting down the server.
[Thu Mar 23 23:44:56 2017] [notice] Child 12412: Exit event signaled. Child process is ending.
[Thu Mar 23 23:44:57 2017] [notice] Child 12412: Released the start mutex
[Thu Mar 23 23:44:58 2017] [notice] Child 12412: All worker threads have exited.
[Thu Mar 23 23:44:58 2017] [notice] Child 12412: Child process is exiting
[Thu Mar 23 23:44:58 2017] [notice] Parent: Child process exited successfully.
[Thu Mar 23 23:46:44 2017] [notice] Apache/2.2.32 (Win64) configured -- resuming normal operations
[Thu Mar 23 23:46:44 2017] [notice] Server built: Jan 18 2017 12:57:53
[Thu Mar 23 23:46:44 2017] [notice] Parent: Created child process 9476
Apache server interrupted...
otice] Child 9476: Child process is running
[Thu Mar 23 23:46:44 2017] [notice] Child 9476: Acquired the start mutex.
[Thu Mar 23 23:46:44 2017] [notice] Child 9476: Starting 64 worker threads.
[Thu Mar 23 23:46:44 2017] [notice] Child 9476: Starting thread to listen on port 1337.
[Thu Mar 23 23:46:44 2017] [notice] Child 9476: Starting thread to listen on port 1337.
[Thu Mar 23 23:46:44 2017] [notice] Child 9476: Starting thread to listen on port 80.
[Thu Mar 23 23:46:44 2017] [notice] Child 9476: Starting thread to listen on port 80.
[Thu Mar 23 23:47:20 2017] [notice] Parent: Received shutdown signal -- Shutting down the server.
Apache server interrupted...
otice] Child 9476: Exit event signaled. Child process is ending.
[Thu Mar 23 23:47:21 2017] [notice] Child 9476: Released the start mutex
[Thu Mar 23 23:47:22 2017] [notice] Child 9476: All worker threads have exited.
[Thu Mar 23 23:47:22 2017] [notice] Child 9476: Child process is exiting
[Thu Mar 23 23:47:22 2017] [notice] Parent: Child process exited successfully.
[Thu Mar 23 23:47:25 2017] [notice] Apache/2.2.32 (Win64) configured -- resuming normal operations
[Thu Mar 23 23:47:25 2017] [notice] Server built: Jan 18 2017 12:57:53
[Thu Mar 23 23:47:25 2017] [notice] Parent: Created child process 14816
Apache server interrupted...
otice] Child 14816: Child process is running
[Thu Mar 23 23:47:25 2017] [notice] Child 14816: Acquired the start mutex.
[Thu Mar 23 23:47:25 2017] [notice] Child 14816: Starting 64 worker threads.
[Thu Mar 23 23:47:25 2017] [notice] Child 14816: Starting thread to listen on port 1337.
[Thu Mar 23 23:47:25 2017] [notice] Child 14816: Starting thread to listen on port 1337.
[Thu Mar 23 23:47:25 2017] [notice] Child 14816: Starting thread to listen on port 80.
[Thu Mar 23 23:47:25 2017] [notice] Child 14816: Starting thread to listen on port 80.
[Thu Mar 23 23:57:01 2017] [notice] Parent: Received shutdown signal -- Shutting down the server.
[Thu Mar 23 23:57:01 2017] [notice] Child 14816: Exit event signaled. Child process is ending.
[Thu Mar 23 23:57:02 2017] [notice] Child 14816: Released the start mutex
[Thu Mar 23 23:57:03 2017] [notice] Child 14816: All worker threads have exited.
[Thu Mar 23 23:57:03 2017] [notice] Child 14816: Child process is exiting
[Thu Mar 23 23:57:03 2017] [notice] Parent: Child process exited successfully.
[Thu Mar 23 23:57:05 2017] [notice] Apache/2.2.32 (Win64) configured -- resuming normal operations
[Thu Mar 23 23:57:05 2017] [notice] Server built: Jan 18 2017 12:57:53
[Thu Mar 23 23:57:05 2017] [notice] Parent: Created child process 6984
Apache server interrupted...
otice] Child 6984: Child process is running
[Thu Mar 23 23:57:05 2017] [notice] Child 6984: Acquired the start mutex.
[Thu Mar 23 23:57:05 2017] [notice] Child 6984: Starting 64 worker threads.
[Thu Mar 23 23:57:05 2017] [notice] Child 6984: Starting thread to listen on port 1337.
[Thu Mar 23 23:57:05 2017] [notice] Child 6984: Starting thread to listen on port 1337.
[Thu Mar 23 23:57:05 2017] [notice] Child 6984: Starting thread to listen on port 80.
[Thu Mar 23 23:57:05 2017] [notice] Child 6984: Starting thread to listen on port 80.
[Fri Mar 24 00:00:24 2017] [notice] Parent: Received shutdown signal -- Shutting down the server.
[Fri Mar 24 00:00:24 2017] [notice] Child 6984: Exit event signaled. Child process is ending.
[Fri Mar 24 00:00:25 2017] [notice] Child 6984: Released the start mutex
[Fri Mar 24 00:00:26 2017] [notice] Child 6984: All worker threads have exited.
[Fri Mar 24 00:00:26 2017] [notice] Child 6984: Child process is exiting
[Fri Mar 24 00:00:26 2017] [notice] Parent: Child process exited successfully.
[Fri Mar 24 00:00:28 2017] [notice] Apache/2.2.32 (Win64) configured -- resuming normal operations
[Fri Mar 24 00:00:28 2017] [notice] Server built: Jan 18 2017 12:57:53
[Fri Mar 24 00:00:28 2017] [notice] Parent: Created child process 6812
Apache server interrupted...
otice] Child 6812: Child process is running
[Fri Mar 24 00:00:28 2017] [notice] Child 6812: Acquired the start mutex.
[Fri Mar 24 00:00:28 2017] [notice] Child 6812: Starting 64 worker threads.
[Fri Mar 24 00:00:28 2017] [notice] Child 6812: Starting thread to listen on port 1337.
[Fri Mar 24 00:00:28 2017] [notice] Child 6812: Starting thread to listen on port 1337.
[Fri Mar 24 00:00:28 2017] [notice] Child 6812: Starting thread to listen on port 80.
[Fri Mar 24 00:00:28 2017] [notice] Child 6812: Starting thread to listen on port 80.
[Fri Mar 24 00:02:27 2017] [notice] Parent: Received shutdown signal -- Shutting down the server.
[Fri Mar 24 00:02:27 2017] [notice] Child 6812: Exit event signaled. Child process is ending.
[Fri Mar 24 00:02:28 2017] [notice] Child 6812: Released the start mutex
[Fri Mar 24 00:02:29 2017] [notice] Child 6812: All worker threads have exited.
[Fri Mar 24 00:02:29 2017] [notice] Child 6812: Child process is exiting
[Fri Mar 24 00:02:29 2017] [notice] Parent: Child process exited successfully.
[Fri Mar 24 00:02:30 2017] [notice] Apache/2.2.32 (Win64) configured -- resuming normal operations
[Fri Mar 24 00:02:30 2017] [notice] Server built: Jan 18 2017 12:57:53
[Fri Mar 24 00:02:30 2017] [notice] Parent: Created child process 10520
Apache server interrupted...
otice] Child 10520: Child process is running
[Fri Mar 24 00:02:31 2017] [notice] Child 10520: Acquired the start mutex.
[Fri Mar 24 00:02:31 2017] [notice] Child 10520: Starting 64 worker threads.
[Fri Mar 24 00:02:31 2017] [notice] Child 10520: Starting thread to listen on port 1337.
[Fri Mar 24 00:02:31 2017] [notice] Child 10520: Starting thread to listen on port 1337.
[Fri Mar 24 00:02:31 2017] [notice] Child 10520: Starting thread to listen on port 80.
[Fri Mar 24 00:02:31 2017] [notice] Child 10520: Starting thread to listen on port 80.
[Fri Mar 24 00:15:51 2017] [notice] Parent: Received shutdown signal -- Shutting down the server.
[Fri Mar 24 00:15:51 2017] [notice] Child 10520: Exit event signaled. Child process is ending.
[Fri Mar 24 00:15:52 2017] [notice] Child 10520: Released the start mutex
[Fri Mar 24 00:15:53 2017] [notice] Child 10520: All worker threads have exited.
[Fri Mar 24 00:15:53 2017] [notice] Child 10520: Child process is exiting
[Fri Mar 24 00:15:53 2017] [notice] Parent: Child process exited successfully.
[Fri Mar 24 00:20:34 2017] [notice] Apache/2.2.32 (Win64) configured -- resuming normal operations
[Fri Mar 24 00:20:34 2017] [notice] Server built: Jan 18 2017 12:57:53
[Fri Mar 24 00:20:34 2017] [notice] Parent: Created child process 7824
Apache server interrupted...
otice] Child 7824: Child process is running
[Fri Mar 24 00:20:35 2017] [notice] Child 7824: Acquired the start mutex.
[Fri Mar 24 00:20:35 2017] [notice] Child 7824: Starting 64 worker threads.
[Fri Mar 24 00:20:35 2017] [notice] Child 7824: Starting thread to listen on port 1340.
[Fri Mar 24 00:20:35 2017] [notice] Child 7824: Starting thread to listen on port 1340.
[Fri Mar 24 00:20:35 2017] [notice] Child 7824: Starting thread to listen on port 1339.
[Fri Mar 24 00:20:35 2017] [notice] Child 7824: Starting thread to listen on port 1339.
[Fri Mar 24 00:20:35 2017] [notice] Child 7824: Starting thread to listen on port 1338.
[Fri Mar 24 00:20:35 2017] [notice] Child 7824: Starting thread to listen on port 1338.
[Fri Mar 24 00:20:35 2017] [notice] Child 7824: Starting thread to listen on port 1337.
[Fri Mar 24 00:20:35 2017] [notice] Child 7824: Starting thread to listen on port 1337.
[Fri Mar 24 00:20:35 2017] [notice] Child 7824: Starting thread to listen on port 80.
[Fri Mar 24 00:20:35 2017] [notice] Child 7824: Starting thread to listen on port 80.
[Fri Mar 24 00:22:14 2017] [error] [client 127.0.0.1] File does not exist: C:/repos/odx-portal/src/odxp_ui/src/main/webapp/js/odxp.css, referer: http://localhost/odxp/
[Fri Mar 24 00:22:14 2017] [error] [client 127.0.0.1] File does not exist: C:/repos/odx-portal/src/odxp_ui/src/main/webapp/js/uitk.min.css, referer: http://localhost/odxp/
[Fri Mar 24 00:22:14 2017] [error] [client 127.0.0.1] File does not exist: C:/repos/odx-portal/src/odxp_ui/src/main/webapp/js/wizard.css, referer: http://localhost/odxp/
[Fri Mar 24 00:22:14 2017] [error] [client 127.0.0.1] File does not exist: C:/repos/odx-portal/src/odxp_ui/src/main/webapp/js/uitk.js, referer: http://localhost/odxp/
[Fri Mar 24 00:22:14 2017] [error] [client 127.0.0.1] File does not exist: C:/repos/odx-portal/src/odxp_ui/src/main/webapp/js/uitk.js, referer: http://localhost/odxp/
[Fri Mar 24 00:22:14 2017] [error] [client 127.0.0.1] File does not exist: C:/repos/odx-portal/src/odxp_ui/src/main/webapp/js/uitk.min.css, referer: http://localhost/odxp/
[Fri Mar 24 00:22:14 2017] [error] [client 127.0.0.1] File does not exist: C:/repos/odx-portal/src/odxp_ui/src/main/webapp/js/odxp.css, referer: http://localhost/odxp/
[Fri Mar 24 00:22:14 2017] [error] [client 127.0.0.1] File does not exist: C:/repos/odx-portal/src/odxp_ui/src/main/webapp/js/wizard.css, referer: http://localhost/odxp/
[Fri Mar 24 00:25:34 2017] [notice] Parent: Received shutdown signal -- Shutting down the server.
[Fri Mar 24 00:25:34 2017] [notice] Child 7824: Exit event signaled. Child process is ending.
[Fri Mar 24 00:25:35 2017] [notice] Child 7824: Released the start mutex
[Fri Mar 24 00:25:36 2017] [notice] Child 7824: All worker threads have exited.
[Fri Mar 24 00:25:36 2017] [notice] Child 7824: Child process is exiting
[Fri Mar 24 00:25:36 2017] [notice] Parent: Child process exited successfully.
[Fri Mar 24 00:25:37 2017] [notice] Apache/2.2.32 (Win64) configured -- resuming normal operations
[Fri Mar 24 00:25:37 2017] [notice] Server built: Jan 18 2017 12:57:53
[Fri Mar 24 00:25:37 2017] [notice] Parent: Created child process 14508
Apache server interrupted...
otice] Child 14508: Child process is running
[Fri Mar 24 00:25:38 2017] [notice] Child 14508: Acquired the start mutex.
[Fri Mar 24 00:25:38 2017] [notice] Child 14508: Starting 64 worker threads.
[Fri Mar 24 00:25:38 2017] [notice] Child 14508: Starting thread to listen on port 1340.
[Fri Mar 24 00:25:38 2017] [notice] Child 14508: Starting thread to listen on port 1340.
[Fri Mar 24 00:25:38 2017] [notice] Child 14508: Starting thread to listen on port 1339.
[Fri Mar 24 00:25:38 2017] [notice] Child 14508: Starting thread to listen on port 1339.
[Fri Mar 24 00:25:38 2017] [notice] Child 14508: Starting thread to listen on port 1338.
[Fri Mar 24 00:25:38 2017] [notice] Child 14508: Starting thread to listen on port 1338.
[Fri Mar 24 00:25:38 2017] [notice] Child 14508: Starting thread to listen on port 1337.
[Fri Mar 24 00:25:38 2017] [notice] Child 14508: Starting thread to listen on port 1337.
[Fri Mar 24 00:25:38 2017] [notice] Child 14508: Starting thread to listen on port 80.
[Fri Mar 24 00:25:38 2017] [notice] Child 14508: Starting thread to listen on port 80.
[Fri Mar 24 00:25:43 2017] [error] [client 127.0.0.1] File does not exist: C:/repos/odx-portal/src/odxp_ui/src/main/webapp/js/uitk.min.css, referer: http://localhost/odxp/
[Fri Mar 24 00:25:43 2017] [error] [client 127.0.0.1] File does not exist: C:/repos/odx-portal/src/odxp_ui/src/main/webapp/js/odxp.css, referer: http://localhost/odxp/
[Fri Mar 24 00:25:43 2017] [error] [client 127.0.0.1] File does not exist: C:/repos/odx-portal/src/odxp_ui/src/main/webapp/js/wizard.css, referer: http://localhost/odxp/
[Fri Mar 24 00:25:43 2017] [error] [client 127.0.0.1] File does not exist: C:/repos/odx-portal/src/odxp_ui/src/main/webapp/js/uitk.js, referer: http://localhost/odxp/
[Fri Mar 24 00:25:43 2017] [error] [client 127.0.0.1] File does not exist: C:/repos/odx-portal/src/odxp_ui/src/main/webapp/js/uitk.js, referer: http://localhost/odxp/
[Fri Mar 24 00:25:43 2017] [error] [client 127.0.0.1] File does not exist: C:/repos/odx-portal/src/odxp_ui/src/main/webapp/js/uitk.min.css, referer: http://localhost/odxp/
[Fri Mar 24 00:25:43 2017] [error] [client 127.0.0.1] File does not exist: C:/repos/odx-portal/src/odxp_ui/src/main/webapp/js/wizard.css, referer: http://localhost/odxp/
[Fri Mar 24 00:25:43 2017] [error] [client 127.0.0.1] File does not exist: C:/repos/odx-portal/src/odxp_ui/src/main/webapp/js/odxp.css, referer: http://localhost/odxp/
[Fri Mar 24 00:28:33 2017] [notice] Parent: Received shutdown signal -- Shutting down the server.
[Fri Mar 24 00:28:33 2017] [notice] Child 14508: Exit event signaled. Child process is ending.
[Fri Mar 24 00:28:34 2017] [notice] Child 14508: Released the start mutex
[Fri Mar 24 00:28:35 2017] [notice] Child 14508: All worker threads have exited.
[Fri Mar 24 00:28:35 2017] [notice] Child 14508: Child process is exiting
[Fri Mar 24 00:28:35 2017] [notice] Parent: Child process exited successfully.
[Fri Mar 24 00:28:36 2017] [notice] Apache/2.2.32 (Win64) configured -- resuming normal operations
[Fri Mar 24 00:28:36 2017] [notice] Server built: Jan 18 2017 12:57:53
[Fri Mar 24 00:28:36 2017] [notice] Parent: Created child process 13252
Apache server interrupted...
otice] Child 13252: Child process is running
[Fri Mar 24 00:28:37 2017] [notice] Child 13252: Acquired the start mutex.
[Fri Mar 24 00:28:37 2017] [notice] Child 13252: Starting 64 worker threads.
[Fri Mar 24 00:28:37 2017] [notice] Child 13252: Starting thread to listen on port 1340.
[Fri Mar 24 00:28:37 2017] [notice] Child 13252: Starting thread to listen on port 1340.
[Fri Mar 24 00:28:37 2017] [notice] Child 13252: Starting thread to listen on port 1339.
[Fri Mar 24 00:28:37 2017] [notice] Child 13252: Starting thread to listen on port 1339.
[Fri Mar 24 00:28:37 2017] [notice] Child 13252: Starting thread to listen on port 1338.
[Fri Mar 24 00:28:37 2017] [notice] Child 13252: Starting thread to listen on port 1338.
[Fri Mar 24 00:28:37 2017] [notice] Child 13252: Starting thread to listen on port 1337.
[Fri Mar 24 00:28:37 2017] [notice] Child 13252: Starting thread to listen on port 1337.
[Fri Mar 24 00:28:37 2017] [notice] Child 13252: Starting thread to listen on port 80.
[Fri Mar 24 00:28:37 2017] [notice] Child 13252: Starting thread to listen on port 80.
[Fri Mar 24 00:28:41 2017] [error] [client 127.0.0.1] File does not exist: C:/repos/odx-portal/src/odxp_ui/src/main/webapp/js/uitk.min.css, referer: http://localhost/odxp/
[Fri Mar 24 00:28:41 2017] [error] [client 127.0.0.1] File does not exist: C:/repos/odx-portal/src/odxp_ui/src/main/webapp/js/odxp.css, referer: http://localhost/odxp/
[Fri Mar 24 00:28:41 2017] [error] [client 127.0.0.1] File does not exist: C:/repos/odx-portal/src/odxp_ui/src/main/webapp/js/wizard.css, referer: http://localhost/odxp/
[Fri Mar 24 00:28:41 2017] [error] [client 127.0.0.1] File does not exist: C:/repos/odx-portal/src/odxp_ui/src/main/webapp/js/uitk.js, referer: http://localhost/odxp/
[Fri Mar 24 00:28:41 2017] [error] [client 127.0.0.1] File does not exist: C:/repos/odx-portal/src/odxp_ui/src/main/webapp/js/uitk.js, referer: http://localhost/odxp/
[Fri Mar 24 00:28:41 2017] [error] [client 127.0.0.1] File does not exist: C:/repos/odx-portal/src/odxp_ui/src/main/webapp/js/odxp.css, referer: http://localhost/odxp/
[Fri Mar 24 00:28:41 2017] [error] [client 127.0.0.1] File does not exist: C:/repos/odx-portal/src/odxp_ui/src/main/webapp/js/uitk.min.css, referer: http://localhost/odxp/
[Fri Mar 24 00:28:41 2017] [error] [client 127.0.0.1] File does not exist: C:/repos/odx-portal/src/odxp_ui/src/main/webapp/js/wizard.css, referer: http://localhost/odxp/
[Fri Mar 24 00:30:05 2017] [error] [client 127.0.0.1] File does not exist: C:/repos/odx-portal/src/odxp_ui/src/main/webapp/js/uitk.min.css, referer: http://localhost/odxp/
[Fri Mar 24 00:30:05 2017] [error] [client 127.0.0.1] File does not exist: C:/repos/odx-portal/src/odxp_ui/src/main/webapp/js/odxp.css, referer: http://localhost/odxp/
[Fri Mar 24 00:30:05 2017] [error] [client 127.0.0.1] File does not exist: C:/repos/odx-portal/src/odxp_ui/src/main/webapp/js/wizard.css, referer: http://localhost/odxp/
[Fri Mar 24 00:30:05 2017] [error] [client 127.0.0.1] File does not exist: C:/repos/odx-portal/src/odxp_ui/src/main/webapp/js/uitk.js, referer: http://localhost/odxp/
[Fri Mar 24 00:30:05 2017] [error] [client 127.0.0.1] File does not exist: C:/repos/odx-portal/src/odxp_ui/src/main/webapp/js/uitk.js, referer: http://localhost/odxp/
[Fri Mar 24 00:30:05 2017] [error] [client 127.0.0.1] File does not exist: C:/repos/odx-portal/src/odxp_ui/src/main/webapp/js/uitk.min.css, referer: http://localhost/odxp/
[Fri Mar 24 00:30:05 2017] [error] [client 127.0.0.1] File does not exist: C:/repos/odx-portal/src/odxp_ui/src/main/webapp/js/odxp.css, referer: http://localhost/odxp/
[Fri Mar 24 00:30:05 2017] [error] [client 127.0.0.1] File does not exist: C:/repos/odx-portal/src/odxp_ui/src/main/webapp/js/wizard.css, referer: http://localhost/odxp/
[Fri Mar 24 00:34:15 2017] [notice] Parent: Received shutdown signal -- Shutting down the server.
[Fri Mar 24 00:34:15 2017] [notice] Child 13252: Exit event signaled. Child process is ending.
[Fri Mar 24 00:34:16 2017] [notice] Child 13252: Released the start mutex
[Fri Mar 24 00:34:17 2017] [notice] Child 13252: All worker threads have exited.
[Fri Mar 24 00:34:17 2017] [notice] Child 13252: Child process is exiting
[Fri Mar 24 00:34:17 2017] [notice] Parent: Child process exited successfully.
[Fri Mar 24 00:34:18 2017] [notice] Apache/2.2.32 (Win64) configured -- resuming normal operations
[Fri Mar 24 00:34:18 2017] [notice] Server built: Jan 18 2017 12:57:53
[Fri Mar 24 00:34:18 2017] [notice] Parent: Created child process 6024
Apache server interrupted...
otice] Child 6024: Child process is running
[Fri Mar 24 00:34:19 2017] [notice] Child 6024: Acquired the start mutex.
[Fri Mar 24 00:34:19 2017] [notice] Child 6024: Starting 64 worker threads.
[Fri Mar 24 00:34:19 2017] [notice] Child 6024: Starting thread to listen on port 1340.
[Fri Mar 24 00:34:19 2017] [notice] Child 6024: Starting thread to listen on port 1340.
[Fri Mar 24 00:34:19 2017] [notice] Child 6024: Starting thread to listen on port 1339.
[Fri Mar 24 00:34:19 2017] [notice] Child 6024: Starting thread to listen on port 1339.
[Fri Mar 24 00:34:19 2017] [notice] Child 6024: Starting thread to listen on port 1338.
[Fri Mar 24 00:34:19 2017] [notice] Child 6024: Starting thread to listen on port 1338.
[Fri Mar 24 00:34:19 2017] [notice] Child 6024: Starting thread to listen on port 1337.
[Fri Mar 24 00:34:19 2017] [notice] Child 6024: Starting thread to listen on port 1337.
[Fri Mar 24 00:34:19 2017] [notice] Child 6024: Starting thread to listen on port 80.
[Fri Mar 24 00:34:19 2017] [notice] Child 6024: Starting thread to listen on port 80.
[Fri Mar 24 00:34:22 2017] [error] [client 127.0.0.1] File does not exist: C:/repos/odx-portal/src/odxp_ui/src/main/webapp/js/wizard.css, referer: http://localhost/odxp/
[Fri Mar 24 00:34:22 2017] [error] [client 127.0.0.1] File does not exist: C:/repos/odx-portal/src/odxp_ui/src/main/webapp/js/uitk.min.css, referer: http://localhost/odxp/
[Fri Mar 24 00:34:22 2017] [error] [client 127.0.0.1] File does not exist: C:/repos/odx-portal/src/odxp_ui/src/main/webapp/js/odxp.css, referer: http://localhost/odxp/
[Fri Mar 24 00:34:22 2017] [error] [client 127.0.0.1] File does not exist: C:/repos/odx-portal/src/odxp_ui/src/main/webapp/js/uitk.js, referer: http://localhost/odxp/
[Fri Mar 24 00:34:23 2017] [error] [client 127.0.0.1] File does not exist: C:/repos/odx-portal/src/odxp_ui/src/main/webapp/js/uitk.js, referer: http://localhost/odxp/
[Fri Mar 24 00:34:23 2017] [error] [client 127.0.0.1] File does not exist: C:/repos/odx-portal/src/odxp_ui/src/main/webapp/js/odxp.css, referer: http://localhost/odxp/
[Fri Mar 24 00:34:23 2017] [error] [client 127.0.0.1] File does not exist: C:/repos/odx-portal/src/odxp_ui/src/main/webapp/js/uitk.min.css, referer: http://localhost/odxp/
[Fri Mar 24 00:34:23 2017] [error] [client 127.0.0.1] File does not exist: C:/repos/odx-portal/src/odxp_ui/src/main/webapp/js/wizard.css, referer: http://localhost/odxp/
[Fri Mar 24 00:37:44 2017] [notice] Parent: Received shutdown signal -- Shutting down the server.
[Fri Mar 24 00:37:44 2017] [notice] Child 6024: Exit event signaled. Child process is ending.
[Fri Mar 24 00:37:45 2017] [notice] Child 6024: Released the start mutex
[Fri Mar 24 00:37:46 2017] [notice] Child 6024: All worker threads have exited.
[Fri Mar 24 00:37:46 2017] [notice] Child 6024: Child process is exiting
[Fri Mar 24 00:37:46 2017] [notice] Parent: Child process exited successfully.
[Fri Mar 24 00:37:47 2017] [notice] Apache/2.2.32 (Win64) configured -- resuming normal operations
[Fri Mar 24 00:37:47 2017] [notice] Server built: Jan 18 2017 12:57:53
[Fri Mar 24 00:37:47 2017] [notice] Parent: Created child process 14796
Apache server interrupted...
otice] Child 14796: Child process is running
[Fri Mar 24 00:37:48 2017] [notice] Child 14796: Acquired the start mutex.
[Fri Mar 24 00:37:48 2017] [notice] Child 14796: Starting 64 worker threads.
[Fri Mar 24 00:37:48 2017] [notice] Child 14796: Starting thread to listen on port 1340.
[Fri Mar 24 00:37:48 2017] [notice] Child 14796: Starting thread to listen on port 1339.
[Fri Mar 24 00:37:48 2017] [notice] Child 14796: Starting thread to listen on port 1340.
[Fri Mar 24 00:37:48 2017] [notice] Child 14796: Starting thread to listen on port 1339.
[Fri Mar 24 00:37:48 2017] [notice] Child 14796: Starting thread to listen on port 1338.
[Fri Mar 24 00:37:48 2017] [notice] Child 14796: Starting thread to listen on port 1338.
[Fri Mar 24 00:37:48 2017] [notice] Child 14796: Starting thread to listen on port 1337.
[Fri Mar 24 00:37:48 2017] [notice] Child 14796: Starting thread to listen on port 1337.
[Fri Mar 24 00:37:48 2017] [notice] Child 14796: Starting thread to listen on port 80.
[Fri Mar 24 00:37:48 2017] [notice] Child 14796: Starting thread to listen on port 80.
[Fri Mar 24 00:37:58 2017] [error] [client ::1] File does not exist: C:/repos/odx-portal/src/odxp_ui/src/main/webapp/js/favicon.ico, referer: http://localhost:1338/
[Fri Mar 24 00:38:18 2017] [error] [client ::1] File does not exist: C:/repos/odx-portal/src/odxp_ui/src/main/webapp/js/favicon.ico, referer: http://localhost:1339/
[Fri Mar 24 00:43:18 2017] [notice] Parent: Received shutdown signal -- Shutting down the server.
[Fri Mar 24 00:43:18 2017] [notice] Child 14796: Exit event signaled. Child process is ending.
[Fri Mar 24 00:43:19 2017] [notice] Child 14796: Released the start mutex
[Fri Mar 24 00:43:20 2017] [notice] Child 14796: All worker threads have exited.
[Fri Mar 24 00:43:20 2017] [notice] Child 14796: Child process is exiting
[Fri Mar 24 00:43:20 2017] [notice] Parent: Child process exited successfully.
[Fri Mar 24 00:43:43 2017] [notice] Apache/2.2.32 (Win64) configured -- resuming normal operations
[Fri Mar 24 00:43:43 2017] [notice] Server built: Jan 18 2017 12:57:53
[Fri Mar 24 00:43:43 2017] [notice] Parent: Created child process 14364
Apache server interrupted...
otice] Child 14364: Child process is running
[Fri Mar 24 00:43:43 2017] [notice] Child 14364: Acquired the start mutex.
[Fri Mar 24 00:43:43 2017] [notice] Child 14364: Starting 64 worker threads.
[Fri Mar 24 00:43:43 2017] [notice] Child 14364: Starting thread to listen on port 1340.
[Fri Mar 24 00:43:43 2017] [notice] Child 14364: Starting thread to listen on port 1340.
[Fri Mar 24 00:43:43 2017] [notice] Child 14364: Starting thread to listen on port 1339.
[Fri Mar 24 00:43:43 2017] [notice] Child 14364: Starting thread to listen on port 1339.
[Fri Mar 24 00:43:43 2017] [notice] Child 14364: Starting thread to listen on port 1338.
[Fri Mar 24 00:43:43 2017] [notice] Child 14364: Starting thread to listen on port 1338.
[Fri Mar 24 00:43:43 2017] [notice] Child 14364: Starting thread to listen on port 1337.
[Fri Mar 24 00:43:43 2017] [notice] Child 14364: Starting thread to listen on port 1337.
[Fri Mar 24 00:43:43 2017] [notice] Child 14364: Starting thread to listen on port 80.
[Fri Mar 24 00:43:43 2017] [notice] Child 14364: Starting thread to listen on port 80.
[Fri Mar 24 00:43:49 2017] [error] [client 127.0.0.1] File does not exist: C:/repos/odx-portal/src/odxp_ui/src/main/webapp/js/uitk.min.css, referer: http://localhost/odxp/
[Fri Mar 24 00:43:49 2017] [error] [client 127.0.0.1] File does not exist: C:/repos/odx-portal/src/odxp_ui/src/main/webapp/js/odxp.css, referer: http://localhost/odxp/
[Fri Mar 24 00:43:49 2017] [error] [client 127.0.0.1] File does not exist: C:/repos/odx-portal/src/odxp_ui/src/main/webapp/js/wizard.css, referer: http://localhost/odxp/
[Fri Mar 24 00:43:49 2017] [error] [client 127.0.0.1] File does not exist: C:/repos/odx-portal/src/odxp_ui/src/main/webapp/js/uitk.js, referer: http://localhost/odxp/
[Fri Mar 24 00:43:49 2017] [error] [client 127.0.0.1] File does not exist: C:/repos/odx-portal/src/odxp_ui/src/main/webapp/js/uitk.js, referer: http://localhost/odxp/
[Fri Mar 24 00:43:49 2017] [error] [client 127.0.0.1] File does not exist: C:/repos/odx-portal/src/odxp_ui/src/main/webapp/js/odxp.css, referer: http://localhost/odxp/
[Fri Mar 24 00:43:49 2017] [error] [client 127.0.0.1] File does not exist: C:/repos/odx-portal/src/odxp_ui/src/main/webapp/js/uitk.min.css, referer: http://localhost/odxp/
[Fri Mar 24 00:43:49 2017] [error] [client 127.0.0.1] File does not exist: C:/repos/odx-portal/src/odxp_ui/src/main/webapp/js/wizard.css, referer: http://localhost/odxp/
[Fri Mar 24 00:47:14 2017] [notice] Parent: Received shutdown signal -- Shutting down the server.
[Fri Mar 24 00:47:14 2017] [notice] Child 14364: Exit event signaled. Child process is ending.
[Fri Mar 24 00:47:15 2017] [notice] Child 14364: Released the start mutex
[Fri Mar 24 00:47:16 2017] [notice] Child 14364: All worker threads have exited.
[Fri Mar 24 00:47:16 2017] [notice] Child 14364: Child process is exiting
[Fri Mar 24 00:47:16 2017] [notice] Parent: Child process exited successfully.
[Fri Mar 24 00:47:17 2017] [notice] Apache/2.2.32 (Win64) configured -- resuming normal operations
[Fri Mar 24 00:47:17 2017] [notice] Server built: Jan 18 2017 12:57:53
[Fri Mar 24 00:47:17 2017] [notice] Parent: Created child process 11564
Apache server interrupted...
otice] Child 11564: Child process is running
[Fri Mar 24 00:47:17 2017] [notice] Child 11564: Acquired the start mutex.
[Fri Mar 24 00:47:17 2017] [notice] Child 11564: Starting 64 worker threads.
[Fri Mar 24 00:47:17 2017] [notice] Child 11564: Starting thread to listen on port 1340.
[Fri Mar 24 00:47:17 2017] [notice] Child 11564: Starting thread to listen on port 1340.
[Fri Mar 24 00:47:17 2017] [notice] Child 11564: Starting thread to listen on port 1339.
[Fri Mar 24 00:47:17 2017] [notice] Child 11564: Starting thread to listen on port 1339.
[Fri Mar 24 00:47:17 2017] [notice] Child 11564: Starting thread to listen on port 1338.
[Fri Mar 24 00:47:17 2017] [notice] Child 11564: Starting thread to listen on port 1338.
[Fri Mar 24 00:47:17 2017] [notice] Child 11564: Starting thread to listen on port 1337.
[Fri Mar 24 00:47:17 2017] [notice] Child 11564: Starting thread to listen on port 1337.
[Fri Mar 24 00:47:17 2017] [notice] Child 11564: Starting thread to listen on port 80.
[Fri Mar 24 00:47:17 2017] [notice] Child 11564: Starting thread to listen on port 80.
[Fri Mar 24 00:47:25 2017] [error] [client 127.0.0.1] File does not exist: C:/repos/odx-portal/src/odxp_ui/src/main/webapp/js/uitk.min.css, referer: http://localhost/odxp/
[Fri Mar 24 00:47:25 2017] [error] [client 127.0.0.1] File does not exist: C:/repos/odx-portal/src/odxp_ui/src/main/webapp/js/odxp.css, referer: http://localhost/odxp/
[Fri Mar 24 00:47:25 2017] [error] [client 127.0.0.1] File does not exist: C:/repos/odx-portal/src/odxp_ui/src/main/webapp/js/wizard.css, referer: http://localhost/odxp/
[Fri Mar 24 00:47:26 2017] [error] [client 127.0.0.1] File does not exist: C:/repos/odx-portal/src/odxp_ui/src/main/webapp/js/uitk.js, referer: http://localhost/odxp/
[Fri Mar 24 00:47:26 2017] [error] [client 127.0.0.1] File does not exist: C:/repos/odx-portal/src/odxp_ui/src/main/webapp/js/uitk.js, referer: http://localhost/odxp/
[Fri Mar 24 00:47:26 2017] [error] [client 127.0.0.1] File does not exist: C:/repos/odx-portal/src/odxp_ui/src/main/webapp/js/odxp.css, referer: http://localhost/odxp/
[Fri Mar 24 00:47:26 2017] [error] [client 127.0.0.1] File does not exist: C:/repos/odx-portal/src/odxp_ui/src/main/webapp/js/uitk.min.css, referer: http://localhost/odxp/
[Fri Mar 24 00:47:26 2017] [error] [client 127.0.0.1] File does not exist: C:/repos/odx-portal/src/odxp_ui/src/main/webapp/js/wizard.css, referer: http://localhost/odxp/
[Fri Mar 24 00:49:20 2017] [notice] Parent: Received shutdown signal -- Shutting down the server.
[Fri Mar 24 00:49:20 2017] [notice] Child 11564: Exit event signaled. Child process is ending.
[Fri Mar 24 00:49:21 2017] [notice] Child 11564: Released the start mutex
[Fri Mar 24 00:49:22 2017] [notice] Child 11564: All worker threads have exited.
[Fri Mar 24 00:49:22 2017] [notice] Child 11564: Child process is exiting
[Fri Mar 24 00:49:22 2017] [notice] Parent: Child process exited successfully.
[Fri Mar 24 00:49:24 2017] [notice] Apache/2.2.32 (Win64) configured -- resuming normal operations
[Fri Mar 24 00:49:24 2017] [notice] Server built: Jan 18 2017 12:57:53
[Fri Mar 24 00:49:24 2017] [notice] Parent: Created child process 14624
Apache server interrupted...
otice] Child 14624: Child process is running
[Fri Mar 24 00:49:24 2017] [notice] Child 14624: Acquired the start mutex.
[Fri Mar 24 00:49:24 2017] [notice] Child 14624: Starting 64 worker threads.
[Fri Mar 24 00:49:24 2017] [notice] Child 14624: Starting thread to listen on port 1340.
[Fri Mar 24 00:49:24 2017] [notice] Child 14624: Starting thread to listen on port 1340.
[Fri Mar 24 00:49:24 2017] [notice] Child 14624: Starting thread to listen on port 1339.
[Fri Mar 24 00:49:24 2017] [notice] Child 14624: Starting thread to listen on port 1339.
[Fri Mar 24 00:49:24 2017] [notice] Child 14624: Starting thread to listen on port 1338.
[Fri Mar 24 00:49:24 2017] [notice] Child 14624: Starting thread to listen on port 1338.
[Fri Mar 24 00:49:24 2017] [notice] Child 14624: Starting thread to listen on port 1337.
[Fri Mar 24 00:49:24 2017] [notice] Child 14624: Starting thread to listen on port 1337.
[Fri Mar 24 00:49:24 2017] [notice] Child 14624: Starting thread to listen on port 80.
[Fri Mar 24 00:49:24 2017] [notice] Child 14624: Starting thread to listen on port 80.
[Fri Mar 24 01:02:38 2017] [notice] Parent: Received shutdown signal -- Shutting down the server.
[Fri Mar 24 01:02:38 2017] [notice] Child 14624: Exit event signaled. Child process is ending.
[Fri Mar 24 01:02:39 2017] [notice] Child 14624: Released the start mutex
[Fri Mar 24 01:02:40 2017] [notice] Child 14624: All worker threads have exited.
[Fri Mar 24 01:02:40 2017] [notice] Child 14624: Child process is exiting
[Fri Mar 24 01:02:40 2017] [notice] Parent: Child process exited successfully.
